#
# A fatal error has been detected by the Java Runtime Environment:
#
#  SIGSEGV (0xb) at pc=0x00000001013aedad, pid=14253, tid=9219
#
# JRE version: 7.0_25-b15
# Java VM: Java HotSpot(TM) 64-Bit Server VM (23.25-b01 mixed mode bsd-amd64 compressed oops)
# Problematic frame:
# V  [libjvm.dylib+0x253dad]
#
# Failed to write core dump. Core dumps have been disabled. To enable core dumping, try "ulimit -c unlimited" before starting Java again
#
# If you would like to submit a bug report, please visit:
#   http://bugreport.sun.com/bugreport/crash.jsp
#

---------------  T H R E A D  ---------------

Current thread (0x00007fa3d105a800):  VMThread [stack: 0x0000000145472000,0x0000000145572000] [id=9219]

siginfo:si_signo=SIGSEGV: si_errno=0, si_code=1 (SEGV_MAPERR), si_addr=0x0000000000000400

Registers:
RAX=0x000000002151069d, RBX=0x00000001455718d8, RCX=0x0000000000000003, RDX=0x00000001012221c5
RSP=0x00000001455716f0, RBP=0x0000000145571740, RSI=0x0000000000000400, RDI=0x000000010b394b78
R8 =0x0000000000000000, R9 =0x0000000134f8a200, R10=0x0000000101889a80, R11=0x0000000000000001
R12=0x000000010a7b4930, R13=0x000000010a7b4934, R14=0x0000000134f8a200, R15=0x000000010180e640
RIP=0x00000001013aedad, EFLAGS=0x0000000000010287, ERR=0x0000000000000004
  TRAPNO=0x000000000000000e

Top of Stack: (sp=0x00000001455716f0)
0x00000001455716f0:   000000010a7a8608 0000000134f89f78
0x0000000145571700:   0000000134f8a200 000000010a7b4918
0x0000000145571710:   0000000134f8a208 00000001455718d8
0x0000000145571720:   000000010180e640 000000010a7b4918
0x0000000145571730:   000000010a8677c0 0000000000000240
0x0000000145571740:   0000000145571780 000000010157fbd4
0x0000000145571750:   00007fa3d0c184c0 00000001455718d8
0x0000000145571760:   0000000145571858 00007fa3d0c3bf00
0x0000000145571770:   00007fa3d0c17980 0000000000000000
0x0000000145571780:   00000001455717a0 000000010131167a
0x0000000145571790:   0000000145571888 00007fa3d0c174c0
0x00000001455717a0:   00000001455717d0 0000000101383cee
0x00000001455717b0:   0000000000000000 0000000145571858
0x00000001455717c0:   00007fa3d0c174c0 00007fa3d0c17a70
0x00000001455717d0:   00000001455717f0 000000010131025a
0x00000001455717e0:   00007fa3d0c174c0 00007fa3d0c17980
0x00000001455717f0:   00000001455719c0 000000010131251b
0x0000000145571800:   00000001455718d8 0000000000000001
0x0000000145571810:   0000000145571888 000000000ed12278
0x0000000145571820:   0000000034e81190 00000001066e26c8
0x0000000145571830:   0000000145571850 00000001014d3f54
0x0000000145571840:   0000000145571850 00007fff8713bbd9
0x0000000145571850:   0000000145571880 0000000101875430
0x0000000145571860:   00007fa3d0c174c0 0000000000000000
0x0000000145571870:   00007fa3d0c17980 00000001455718d8
0x0000000145571880:   0000000145571888 00000001018754b0
0x0000000145571890:   0000000145571800 00007fa3d0c3bf00
0x00000001455718a0:   00007fa3d0c17980 00007fa3d0c17980
0x00000001455718b0:   0000000114e80000 00007fa3d0c177b0
0x00000001455718c0:   00007fa3d0c17980 0000000114e80000
0x00000001455718d0:   0000000145571801 00000001018754b0
0x00000001455718e0:   0000000145571900 00007fa3d0c3bf00 

Instructions: (pc=0x00000001013aedad)
0x00000001013aed8d:   39 ec 73 84 41 8b 34 24 48 85 f6 74 ee 41 8b 4f
0x00000001013aed9d:   08 48 d3 e6 4d 8b 07 4c 01 c6 48 3b 73 40 73 db
0x00000001013aedad:   48 8b 06 48 83 e0 03 48 83 f8 03 75 82 48 8b 06
0x00000001013aedbd:   48 8d 15 b5 fa 44 00 80 3a 00 74 14 48 89 c2 48 

Register to memory mapping:

RAX=0x000000002151069d is an unknown value
RBX=0x00000001455718d8 is an unknown value
RCX=0x0000000000000003 is an unknown value
RDX=0x00000001012221c5: _ZN4Copy17pd_disjoint_wordsEP8HeapWordS1_m+0x3d in /Library/Java/JavaVirtualMachines/jdk1.7.0_25.jdk/Contents/Home/jre/lib/server/libjvm.dylib at 0x000000010115b000
RSP=0x00000001455716f0 is an unknown value
RBP=0x0000000145571740 is an unknown value
RSI=0x0000000000000400 is an unknown value
RDI=0x000000010b394b78 is an oop
java.lang.ref.WeakReference 
 - klass: 'java/lang/ref/WeakReference'
R8 =0x0000000000000000 is an unknown value
R9 =0x0000000134f8a200 is an oop
{instance class} 
 - klass: {other class}
R10=0x0000000101889a80: UseCompressedOops+0 in /Library/Java/JavaVirtualMachines/jdk1.7.0_25.jdk/Contents/Home/jre/lib/server/libjvm.dylib at 0x000000010115b000
R11=0x0000000000000001 is an unknown value
R12=0x000000010a7b4930 is an oop
java.util.HashMap$Entry 
 - klass: 'java/util/HashMap$Entry'
R13=0x000000010a7b4934 is an oop
java.util.HashMap$Entry 
 - klass: 'java/util/HashMap$Entry'
R14=0x0000000134f8a200 is an oop
{instance class} 
 - klass: {other class}
R15=0x000000010180e640: _ZN8Universe11_narrow_oopE+0 in /Library/Java/JavaVirtualMachines/jdk1.7.0_25.jdk/Contents/Home/jre/lib/server/libjvm.dylib at 0x000000010115b000


Stack: [0x0000000145472000,0x0000000145572000],  sp=0x00000001455716f0,  free space=1021k
Native frames: (J=compiled Java code, j=interpreted, Vv=VM code, C=native code)
V  [libjvm.dylib+0x253dad]
V  [libjvm.dylib+0x424bd4]
V  [libjvm.dylib+0x1b667a]
V  [libjvm.dylib+0x228cee]
V  [libjvm.dylib+0x1b525a]
V  [libjvm.dylib+0x1b751b]
V  [libjvm.dylib+0x22aa8d]
V  [libjvm.dylib+0x173333]
V  [libjvm.dylib+0x4a84e0]
V  [libjvm.dylib+0x4aeaf9]
V  [libjvm.dylib+0x4ad87e]
V  [libjvm.dylib+0x4adc6c]
V  [libjvm.dylib+0x4ad61b]
V  [libjvm.dylib+0x3b95f9]
C  [libsystem_pthread.dylib+0x1899]  _pthread_body+0x8a
C  [libsystem_pthread.dylib+0x172a]  _pthread_struct_init+0x0
C  [libsystem_pthread.dylib+0x5fc9]  thread_start+0xd

VM_Operation (0x000000014c456b20): GenCollectForAllocation, mode: safepoint, requested by thread 0x00007fa3d4397000


---------------  P R O C E S S  ---------------

Java Threads: ( => current thread )
  0x00007fa3d6023800 JavaThread "H2 Log Writer PLATFORMDEV" daemon [_thread_blocked, id=63747, stack(0x000000014794b000,0x0000000147a4b000)]
  0x00007fa3d6000000 JavaThread "H2 File Lock Watchdog /Users/ruuben/Work/workspaces/implicit/platform-manager/platformDev.lock.db" daemon [_thread_blocked, id=63491, stack(0x0000000147848000,0x0000000147948000)]
  0x00007fa3d4f03000 JavaThread "http-bio-9000-exec-10" daemon [_thread_blocked, id=48139, stack(0x000000014c96c000,0x000000014ca6c000)]
  0x00007fa3d4c20800 JavaThread "http-bio-9000-exec-9" daemon [_thread_blocked, id=49923, stack(0x000000014c869000,0x000000014c969000)]
  0x00007fa3d4c48800 JavaThread "http-bio-9000-exec-8" daemon [_thread_blocked, id=49667, stack(0x000000014c766000,0x000000014c866000)]
  0x00007fa3d46d1000 JavaThread "http-bio-9000-exec-7" daemon [_thread_blocked, id=49411, stack(0x000000014c663000,0x000000014c763000)]
  0x00007fa3d4752000 JavaThread "http-bio-9000-exec-6" daemon [_thread_blocked, id=49155, stack(0x000000014c560000,0x000000014c660000)]
  0x00007fa3d4252800 JavaThread "http-bio-9000-exec-5" daemon [_thread_blocked, id=48899, stack(0x00000001470c5000,0x00000001471c5000)]
  0x00007fa3d2a6e800 JavaThread "http-bio-9000-exec-4" daemon [_thread_blocked, id=48643, stack(0x0000000146e96000,0x0000000146f96000)]
  0x00007fa3d2dbe800 JavaThread "http-bio-9000-exec-3" daemon [_thread_blocked, id=47107, stack(0x000000014c45d000,0x000000014c55d000)]
  0x00007fa3d100f800 JavaThread "DestroyJavaVM" [_thread_blocked, id=4355, stack(0x0000000101c05000,0x0000000101d05000)]
  0x00007fa3d4397000 JavaThread "Thread-10" [_thread_blocked, id=34311, stack(0x000000014c35a000,0x000000014c45a000)]
  0x00007fa3d2b6a000 JavaThread "http-bio-9000-exec-2" daemon [_thread_blocked, id=34823, stack(0x000000014c257000,0x000000014c357000)]
  0x00007fa3d4c63000 JavaThread "http-bio-9000-exec-1" daemon [_thread_blocked, id=33803, stack(0x000000014c154000,0x000000014c254000)]
  0x00007fa3d2a11800 JavaThread "http-bio-9000-AsyncTimeout" daemon [_thread_blocked, id=23047, stack(0x000000014c051000,0x000000014c151000)]
  0x00007fa3d4396000 JavaThread "http-bio-9000-Acceptor-0" daemon [_thread_in_native, id=21003, stack(0x000000014bf4e000,0x000000014c04e000)]
  0x00007fa3d4309000 JavaThread "ContainerBackgroundProcessor[StandardEngine[Tomcat]]" daemon [_thread_blocked, id=34567, stack(0x000000014be4b000,0x000000014bf4b000)]
  0x00007fa3d4a68800 JavaThread "AppKit Thread" daemon [_thread_in_native, id=1287, stack(0x00007fff5eb23000,0x00007fff5eba3000)]
  0x00007fa3d4847000 JavaThread "net.sf.ehcache.CacheManager@4f7ebeec" daemon [_thread_blocked, id=20483, stack(0x0000000147b24000,0x0000000147c24000)]
  0x00007fa3d2b6b000 JavaThread "PoolCleaner[1487680783:1409468395876]" daemon [_thread_blocked, id=19463, stack(0x0000000146fc2000,0x00000001470c2000)]
  0x00007fa3d21d8000 JavaThread "FileSystemWatcher: files=#168 cl=groovy.lang.GroovyClassLoader@58ac350f" daemon [_thread_blocked, id=17923, stack(0x000000014760e000,0x000000014770e000)]
  0x00007fa3d2e4b000 JavaThread "Thread-4" daemon [_thread_in_native, id=17667, stack(0x00000001472c1000,0x00000001473c1000)]
  0x00007fa3d2cb3000 JavaThread "Thread-3" [_thread_in_native, id=16899, stack(0x0000000146d10000,0x0000000146e10000)]
  0x00007fa3d1eab800 JavaThread "Thread-2" [_thread_blocked, id=16643, stack(0x0000000147411000,0x0000000147511000)]
  0x00007fa3d11ef800 JavaThread "NonBlockingInputStreamThread" daemon [_thread_blocked, id=16387, stack(0x00000001465fe000,0x00000001466fe000)]
  0x00007fa3d18f0800 JavaThread "Service Thread" daemon [_thread_blocked, id=15619, stack(0x000000014619f000,0x000000014629f000)]
  0x00007fa3d10b2000 JavaThread "C2 CompilerThread1" daemon [_thread_in_native, id=15363, stack(0x000000014609c000,0x000000014619c000)]
  0x00007fa3d10a4800 JavaThread "C2 CompilerThread0" daemon [_thread_in_native, id=15107, stack(0x0000000145f99000,0x0000000146099000)]
  0x00007fa3d1814000 JavaThread "Signal Dispatcher" daemon [_thread_blocked, id=14851, stack(0x0000000145d0d000,0x0000000145e0d000)]
  0x00007fa3d105e000 JavaThread "Finalizer" daemon [_thread_blocked, id=9731, stack(0x0000000145b04000,0x0000000145c04000)]
  0x00007fa3d105d800 JavaThread "Reference Handler" daemon [_thread_blocked, id=9475, stack(0x0000000145a01000,0x0000000145b01000)]

Other Threads:
=>0x00007fa3d105a800 VMThread [stack: 0x0000000145472000,0x0000000145572000] [id=9219]
  0x00007fa3d18f2000 WatcherThread [stack: 0x00000001462a2000,0x00000001463a2000] [id=15875]

VM state:at safepoint (normal execution)

VM Mutex/Monitor currently owned by a thread:  ([mutex/lock_event])
[0x00007fa3d0c10e30] Threads_lock - owner thread: 0x00007fa3d105a800
[0x00007fa3d0c11330] Heap_lock - owner thread: 0x00007fa3d4397000

Heap
 def new generation   total 102656K, used 95201K [0x0000000104e80000, 0x000000010bde0000, 0x0000000114e80000)
  eden space 91264K, 100% used [0x0000000104e80000, 0x000000010a7a0000, 0x000000010a7a0000)
  from space 11392K,  34% used [0x000000010b2c0000, 0x000000010b698758, 0x000000010bde0000)
  to   space 11392K,   7% used [0x000000010a7a0000, 0x000000010a883508, 0x000000010b2c0000)
 tenured generation   total 227984K, used 147558K [0x0000000114e80000, 0x0000000122d24000, 0x0000000134e80000)
   the space 227984K,  64% used [0x0000000114e80000, 0x000000011de99b20, 0x000000011de99c00, 0x0000000122d24000)
 compacting perm gen  total 83328K, used 83157K [0x0000000134e80000, 0x0000000139fe0000, 0x0000000144e80000)
   the space 83328K,  99% used [0x0000000134e80000, 0x0000000139fb5600, 0x0000000139fb5600, 0x0000000139fe0000)
No shared spaces configured.

Card table byte_map: [0x0000000144e80000,0x0000000145081000] byte_map_base: 0x0000000144658c00

Polling page: 0x0000000101d44000

Code Cache  [0x0000000101da8000, 0x0000000102658000, 0x0000000104da8000)
 total_blobs=2626 nmethods=1915 adapters=660 free_code_cache=40367Kb largest_free_block=41240064

Compilation events (10 events):
Event: 2959,291 Thread 0x00007fa3d10a4800 nmethod 2144 0x00000001026341d0 code [0x0000000102634340, 0x0000000102634638]
Event: 2959,291 Thread 0x00007fa3d10a4800 2146             org.codehaus.groovy.control.ResolveVisitor::transform (194 bytes)
Event: 2959,292 Thread 0x00007fa3d10b2000 nmethod 2145 0x000000010263a310 code [0x000000010263a4e0, 0x000000010263a780]
Event: 2959,297 Thread 0x00007fa3d10b2000 2147             org.codehaus.groovy.classgen.VariableScopeVisitor::findClassMember (225 bytes)
Event: 2959,413 Thread 0x00007fa3d10a4800 nmethod 2146 0x000000010264c990 code [0x000000010264cf00, 0x000000010264ee88]
Event: 2959,414 Thread 0x00007fa3d10a4800 2148             org.codehaus.groovy.ast.ClassNode::isDerivedFrom (56 bytes)
Event: 2959,425 Thread 0x00007fa3d10a4800 nmethod 2148 0x0000000102644f10 code [0x0000000102645100, 0x0000000102645540]
Event: 2959,425 Thread 0x00007fa3d10a4800 2149             org.codehaus.groovy.classgen.VariableScopeVisitor::getPropertyName (100 bytes)
Event: 2959,455 Thread 0x00007fa3d10a4800 nmethod 2149 0x0000000102641410 code [0x0000000102641600, 0x00000001026420f8]
Event: 2959,455 Thread 0x00007fa3d10a4800 2150             org.codehaus.groovy.classgen.VariableScopeVisitor::checkVariableNameForDeclaration (324 bytes)

GC Heap History (10 events):
Event: 1887,099 GC heap after
Heap after GC invocations=350 (full 11):
 def new generation   total 102656K, used 1317K [0x0000000104e80000, 0x000000010bde0000, 0x0000000114e80000)
  eden space 91264K,   0% used [0x0000000104e80000, 0x0000000104e80000, 0x000000010a7a0000)
  from space 11392K,  11% used [0x000000010b2c0000, 0x000000010b4095e8, 0x000000010bde0000)
  to   space 11392K,   0% used [0x000000010a7a0000, 0x000000010a7a0000, 0x000000010b2c0000)
 tenured generation   total 227984K, used 147558K [0x0000000114e80000, 0x0000000122d24000, 0x0000000134e80000)
   the space 227984K,  64% used [0x0000000114e80000, 0x000000011de99b20, 0x000000011de99c00, 0x0000000122d24000)
 compacting perm gen  total 83328K, used 83058K [0x0000000134e80000, 0x0000000139fe0000, 0x0000000144e80000)
   the space 83328K,  99% used [0x0000000134e80000, 0x0000000139f9ca88, 0x0000000139f9cc00, 0x0000000139fe0000)
No shared spaces configured.
}
Event: 1887,965 GC heap before
{Heap before GC invocations=350 (full 11):
 def new generation   total 102656K, used 92487K [0x0000000104e80000, 0x000000010bde0000, 0x0000000114e80000)
  eden space 91264K,  99% used [0x0000000104e80000, 0x000000010a788990, 0x000000010a7a0000)
  from space 11392K,  11% used [0x000000010b2c0000, 0x000000010b4095e8, 0x000000010bde0000)
  to   space 11392K,   0% used [0x000000010a7a0000, 0x000000010a7a0000, 0x000000010b2c0000)
 tenured generation   total 227984K, used 147558K [0x0000000114e80000, 0x0000000122d24000, 0x0000000134e80000)
   the space 227984K,  64% used [0x0000000114e80000, 0x000000011de99b20, 0x000000011de99c00, 0x0000000122d24000)
 compacting perm gen  total 83328K, used 83063K [0x0000000134e80000, 0x0000000139fe0000, 0x0000000144e80000)
   the space 83328K,  99% used [0x0000000134e80000, 0x0000000139f9dfa0, 0x0000000139f9e000, 0x0000000139fe0000)
No shared spaces configured.
Event: 1887,997 GC heap after
Heap after GC invocations=351 (full 11):
 def new generation   total 102656K, used 3835K [0x0000000104e80000, 0x000000010bde0000, 0x0000000114e80000)
  eden space 91264K,   0% used [0x0000000104e80000, 0x0000000104e80000, 0x000000010a7a0000)
  from space 11392K,  33% used [0x000000010a7a0000, 0x000000010ab5ec70, 0x000000010b2c0000)
  to   space 11392K,   0% used [0x000000010b2c0000, 0x000000010b2c0000, 0x000000010bde0000)
 tenured generation   total 227984K, used 147558K [0x0000000114e80000, 0x0000000122d24000, 0x0000000134e80000)
   the space 227984K,  64% used [0x0000000114e80000, 0x000000011de99b20, 0x000000011de99c00, 0x0000000122d24000)
 compacting perm gen  total 83328K, used 83063K [0x0000000134e80000, 0x0000000139fe0000, 0x0000000144e80000)
   the space 83328K,  99% used [0x0000000134e80000, 0x0000000139f9dfa0, 0x0000000139f9e000, 0x0000000139fe0000)
No shared spaces configured.
}
Event: 2398,808 GC heap before
{Heap before GC invocations=351 (full 11):
 def new generation   total 102656K, used 95099K [0x0000000104e80000, 0x000000010bde0000, 0x0000000114e80000)
  eden space 91264K, 100% used [0x0000000104e80000, 0x000000010a7a0000, 0x000000010a7a0000)
  from space 11392K,  33% used [0x000000010a7a0000, 0x000000010ab5ec70, 0x000000010b2c0000)
  to   space 11392K,   0% used [0x000000010b2c0000, 0x000000010b2c0000, 0x000000010bde0000)
 tenured generation   total 227984K, used 147558K [0x0000000114e80000, 0x0000000122d24000, 0x0000000134e80000)
   the space 227984K,  64% used [0x0000000114e80000, 0x000000011de99b20, 0x000000011de99c00, 0x0000000122d24000)
 compacting perm gen  total 83328K, used 83064K [0x0000000134e80000, 0x0000000139fe0000, 0x0000000144e80000)
   the space 83328K,  99% used [0x0000000134e80000, 0x0000000139f9e300, 0x0000000139f9e400, 0x0000000139fe0000)
No shared spaces configured.
Event: 2398,824 GC heap after
Heap after GC invocations=352 (full 11):
 def new generation   total 102656K, used 1845K [0x0000000104e80000, 0x000000010bde0000, 0x0000000114e80000)
  eden space 91264K,   0% used [0x0000000104e80000, 0x0000000104e80000, 0x000000010a7a0000)
  from space 11392K,  16% used [0x000000010b2c0000, 0x000000010b48d778, 0x000000010bde0000)
  to   space 11392K,   0% used [0x000000010a7a0000, 0x000000010a7a0000, 0x000000010b2c0000)
 tenured generation   total 227984K, used 147558K [0x0000000114e80000, 0x0000000122d24000, 0x0000000134e80000)
   the space 227984K,  64% used [0x0000000114e80000, 0x000000011de99b20, 0x000000011de99c00, 0x0000000122d24000)
 compacting perm gen  total 83328K, used 83064K [0x0000000134e80000, 0x0000000139fe0000, 0x0000000144e80000)
   the space 83328K,  99% used [0x0000000134e80000, 0x0000000139f9e300, 0x0000000139f9e400, 0x0000000139fe0000)
No shared spaces configured.
}
Event: 2958,392 GC heap before
{Heap before GC invocations=352 (full 11):
 def new generation   total 102656K, used 93109K [0x0000000104e80000, 0x000000010bde0000, 0x0000000114e80000)
  eden space 91264K, 100% used [0x0000000104e80000, 0x000000010a7a0000, 0x000000010a7a0000)
  from space 11392K,  16% used [0x000000010b2c0000, 0x000000010b48d778, 0x000000010bde0000)
  to   space 11392K,   0% used [0x000000010a7a0000, 0x000000010a7a0000, 0x000000010b2c0000)
 tenured generation   total 227984K, used 147558K [0x0000000114e80000, 0x0000000122d24000, 0x0000000134e80000)
   the space 227984K,  64% used [0x0000000114e80000, 0x000000011de99b20, 0x000000011de99c00, 0x0000000122d24000)
 compacting perm gen  total 83328K, used 83083K [0x0000000134e80000, 0x0000000139fe0000, 0x0000000144e80000)
   the space 83328K,  99% used [0x0000000134e80000, 0x0000000139fa2d80, 0x0000000139fa2e00, 0x0000000139fe0000)
No shared spaces configured.
Event: 2958,406 GC heap after
Heap after GC invocations=353 (full 11):
 def new generation   total 102656K, used 2837K [0x0000000104e80000, 0x000000010bde0000, 0x0000000114e80000)
  eden space 91264K,   0% used [0x0000000104e80000, 0x0000000104e80000, 0x000000010a7a0000)
  from space 11392K,  24% used [0x000000010a7a0000, 0x000000010aa65730, 0x000000010b2c0000)
  to   space 11392K,   0% used [0x000000010b2c0000, 0x000000010b2c0000, 0x000000010bde0000)
 tenured generation   total 227984K, used 147558K [0x0000000114e80000, 0x0000000122d24000, 0x0000000134e80000)
   the space 227984K,  64% used [0x0000000114e80000, 0x000000011de99b20, 0x000000011de99c00, 0x0000000122d24000)
 compacting perm gen  total 83328K, used 83083K [0x0000000134e80000, 0x0000000139fe0000, 0x0000000144e80000)
   the space 83328K,  99% used [0x0000000134e80000, 0x0000000139fa2d80, 0x0000000139fa2e00, 0x0000000139fe0000)
No shared spaces configured.
}
Event: 2958,938 GC heap before
{Heap before GC invocations=353 (full 11):
 def new generation   total 102656K, used 94101K [0x0000000104e80000, 0x000000010bde0000, 0x0000000114e80000)
  eden space 91264K, 100% used [0x0000000104e80000, 0x000000010a7a0000, 0x000000010a7a0000)
  from space 11392K,  24% used [0x000000010a7a0000, 0x000000010aa65730, 0x000000010b2c0000)
  to   space 11392K,   0% used [0x000000010b2c0000, 0x000000010b2c0000, 0x000000010bde0000)
 tenured generation   total 227984K, used 147558K [0x0000000114e80000, 0x0000000122d24000, 0x0000000134e80000)
   the space 227984K,  64% used [0x0000000114e80000, 0x000000011de99b20, 0x000000011de99c00, 0x0000000122d24000)
 compacting perm gen  total 83328K, used 83097K [0x0000000134e80000, 0x0000000139fe0000, 0x0000000144e80000)
   the space 83328K,  99% used [0x0000000134e80000, 0x0000000139fa67a8, 0x0000000139fa6800, 0x0000000139fe0000)
No shared spaces configured.
Event: 2958,958 GC heap after
Heap after GC invocations=354 (full 11):
 def new generation   total 102656K, used 3937K [0x0000000104e80000, 0x000000010bde0000, 0x0000000114e80000)
  eden space 91264K,   0% used [0x0000000104e80000, 0x0000000104e80000, 0x000000010a7a0000)
  from space 11392K,  34% used [0x000000010b2c0000, 0x000000010b698758, 0x000000010bde0000)
  to   space 11392K,   0% used [0x000000010a7a0000, 0x000000010a7a0000, 0x000000010b2c0000)
 tenured generation   total 227984K, used 147558K [0x0000000114e80000, 0x0000000122d24000, 0x0000000134e80000)
   the space 227984K,  64% used [0x0000000114e80000, 0x000000011de99b20, 0x000000011de99c00, 0x0000000122d24000)
 compacting perm gen  total 83328K, used 83097K [0x0000000134e80000, 0x0000000139fe0000, 0x0000000144e80000)
   the space 83328K,  99% used [0x0000000134e80000, 0x0000000139fa67a8, 0x0000000139fa6800, 0x0000000139fe0000)
No shared spaces configured.
}
Event: 2959,648 GC heap before
{Heap before GC invocations=354 (full 11):
 def new generation   total 102656K, used 95201K [0x0000000104e80000, 0x000000010bde0000, 0x0000000114e80000)
  eden space 91264K, 100% used [0x0000000104e80000, 0x000000010a7a0000, 0x000000010a7a0000)
  from space 11392K,  34% used [0x000000010b2c0000, 0x000000010b698758, 0x000000010bde0000)
  to   space 11392K,   0% used [0x000000010a7a0000, 0x000000010a7a0000, 0x000000010b2c0000)
 tenured generation   total 227984K, used 147558K [0x0000000114e80000, 0x0000000122d24000, 0x0000000134e80000)
   the space 227984K,  64% used [0x0000000114e80000, 0x000000011de99b20, 0x000000011de99c00, 0x0000000122d24000)
 compacting perm gen  total 83328K, used 83157K [0x0000000134e80000, 0x0000000139fe0000, 0x0000000144e80000)
   the space 83328K,  99% used [0x0000000134e80000, 0x0000000139fb5600, 0x0000000139fb5600, 0x0000000139fe0000)
No shared spaces configured.

Deoptimization events (10 events):
Event: 1887,579 Thread 0x00007fa3d2a6e800 Uncommon trap -12 fr.pc 0x0000000102627c30
Event: 2958,614 Thread 0x00007fa3d4397000 Uncommon trap -83 fr.pc 0x0000000101fa7f20
Event: 2958,681 Thread 0x00007fa3d4397000 Uncommon trap -83 fr.pc 0x00000001022d9f8c
Event: 2959,157 Thread 0x00007fa3d4397000 Uncommon trap -34 fr.pc 0x000000010257a7d8
Event: 2959,158 Thread 0x00007fa3d4397000 Uncommon trap -34 fr.pc 0x000000010257a7d8
Event: 2959,158 Thread 0x00007fa3d4397000 Uncommon trap -34 fr.pc 0x000000010257a7d8
Event: 2959,182 Thread 0x00007fa3d4397000 Uncommon trap -34 fr.pc 0x000000010257a7d8
Event: 2959,423 Thread 0x00007fa3d4397000 Uncommon trap -83 fr.pc 0x000000010263b16c
Event: 2959,423 Thread 0x00007fa3d4397000 Uncommon trap -83 fr.pc 0x0000000102505d8c
Event: 2959,601 Thread 0x00007fa3d4397000 Uncommon trap -58 fr.pc 0x0000000102166ec0

Internal exceptions (10 events):
Event: 2959,632 Thread 0x00007fa3d4397000 Threw 0x000000010a6df648 at /HUDSON/workspace/jdk7u25-2-build-macosx-amd64-product/jdk7u25/hotspot/src/share/vm/prims/jvm.cpp:1235
Event: 2959,632 Thread 0x00007fa3d4397000 Threw 0x000000010a6e2f10 at /HUDSON/workspace/jdk7u25-2-build-macosx-amd64-product/jdk7u25/hotspot/src/share/vm/prims/jvm.cpp:1235
Event: 2959,633 Thread 0x00007fa3d4397000 Threw 0x000000010a6ea908 at /HUDSON/workspace/jdk7u25-2-build-macosx-amd64-product/jdk7u25/hotspot/src/share/vm/prims/jvm.cpp:1235
Event: 2959,633 Thread 0x00007fa3d4397000 Threw 0x000000010a6eeca8 at /HUDSON/workspace/jdk7u25-2-build-macosx-amd64-product/jdk7u25/hotspot/src/share/vm/prims/jvm.cpp:1235
Event: 2959,634 Thread 0x00007fa3d4397000 Threw 0x000000010a700b68 at /HUDSON/workspace/jdk7u25-2-build-macosx-amd64-product/jdk7u25/hotspot/src/share/vm/prims/jvm.cpp:1235
Event: 2959,634 Thread 0x00007fa3d4397000 Threw 0x000000010a704e38 at /HUDSON/workspace/jdk7u25-2-build-macosx-amd64-product/jdk7u25/hotspot/src/share/vm/prims/jvm.cpp:1235
Event: 2959,635 Thread 0x00007fa3d4397000 Threw 0x000000010a70bab0 at /HUDSON/workspace/jdk7u25-2-build-macosx-amd64-product/jdk7u25/hotspot/src/share/vm/prims/jvm.cpp:1235
Event: 2959,635 Thread 0x00007fa3d4397000 Threw 0x000000010a7100f0 at /HUDSON/workspace/jdk7u25-2-build-macosx-amd64-product/jdk7u25/hotspot/src/share/vm/prims/jvm.cpp:1235
Event: 2959,637 Thread 0x00007fa3d4397000 Threw 0x000000010a725cc8 at /HUDSON/workspace/jdk7u25-2-build-macosx-amd64-product/jdk7u25/hotspot/src/share/vm/prims/jvm.cpp:1235
Event: 2959,637 Thread 0x00007fa3d4397000 Threw 0x000000010a72a308 at /HUDSON/workspace/jdk7u25-2-build-macosx-amd64-product/jdk7u25/hotspot/src/share/vm/prims/jvm.cpp:1235

Events (10 events):
Event: 2959,632 loading class 0x00007fa3d37db0d0 done
Event: 2959,633 loading class 0x00007fa3d32228c0
Event: 2959,633 loading class 0x00007fa3d32228c0 done
Event: 2959,634 loading class 0x00007fa3d50c0fa0
Event: 2959,634 loading class 0x00007fa3d50c0fa0 done
Event: 2959,635 loading class 0x00007fa3d50c0f50
Event: 2959,635 loading class 0x00007fa3d50c0f50 done
Event: 2959,637 loading class 0x00007fa3d50c0e20
Event: 2959,637 loading class 0x00007fa3d50c0e20 done
Event: 2959,647 Executing VM operation: GenCollectForAllocation


Dynamic libraries:
0x0000000000d04000 	/System/Library/Frameworks/Cocoa.framework/Versions/A/Cocoa
0x0000000000d04000 	/System/Library/Frameworks/Security.framework/Versions/A/Security
0x0000000000d04000 	/System/Library/Frameworks/ApplicationServices.framework/Versions/A/ApplicationServices
0x0000000000d04000 	/usr/lib/libz.1.dylib
0x0000000000d04000 	/usr/lib/libSystem.B.dylib
0x0000000000d04000 	/usr/lib/libobjc.A.dylib
0x0000000000d04000 	/System/Library/Frameworks/CoreFoundation.framework/Versions/A/CoreFoundation
0x0000000000d04000 	/System/Library/Frameworks/AppKit.framework/Versions/C/AppKit
0x0000000000d04000 	/System/Library/Frameworks/CoreData.framework/Versions/A/CoreData
0x0000000000d04000 	/System/Library/Frameworks/Foundation.framework/Versions/C/Foundation
0x0000000000d04000 	/System/Library/PrivateFrameworks/RemoteViewServices.framework/Versions/A/RemoteViewServices
0x0000000000d04000 	/System/Library/Frameworks/AudioToolbox.framework/Versions/A/AudioToolbox
0x0000000000d04000 	/System/Library/Frameworks/AudioUnit.framework/Versions/A/AudioUnit
0x0000000000d04000 	/System/Library/PrivateFrameworks/DataDetectorsCore.framework/Versions/A/DataDetectorsCore
0x0000000000d04000 	/System/Library/PrivateFrameworks/DesktopServicesPriv.framework/Versions/A/DesktopServicesPriv
0x0000000000d04000 	/System/Library/Frameworks/Carbon.framework/Versions/A/Frameworks/HIToolbox.framework/Versions/A/HIToolbox
0x0000000000d04000 	/System/Library/Frameworks/QuartzCore.framework/Versions/A/QuartzCore
0x0000000000d04000 	/System/Library/Frameworks/Carbon.framework/Versions/A/Frameworks/SpeechRecognition.framework/Versions/A/SpeechRecognition
0x0000000000d04000 	/usr/lib/libauto.dylib
0x0000000000d04000 	/usr/lib/libicucore.A.dylib
0x0000000000d04000 	/usr/lib/libxml2.2.dylib
0x0000000000d04000 	/System/Library/PrivateFrameworks/CoreUI.framework/Versions/A/CoreUI
0x0000000000d04000 	/System/Library/Frameworks/CoreAudio.framework/Versions/A/CoreAudio
0x0000000000d04000 	/System/Library/Frameworks/DiskArbitration.framework/Versions/A/DiskArbitration
0x0000000000d04000 	/usr/lib/liblangid.dylib
0x0000000000d04000 	/System/Library/PrivateFrameworks/MultitouchSupport.framework/Versions/A/MultitouchSupport
0x0000000000d04000 	/System/Library/Frameworks/IOKit.framework/Versions/A/IOKit
0x0000000000d04000 	/usr/lib/libDiagnosticMessagesClient.dylib
0x0000000000d04000 	/System/Library/Frameworks/CoreServices.framework/Versions/A/CoreServices
0x0000000000d04000 	/System/Library/PrivateFrameworks/PerformanceAnalysis.framework/Versions/A/PerformanceAnalysis
0x0000000000d04000 	/System/Library/PrivateFrameworks/GenerationalStorage.framework/Versions/A/GenerationalStorage
0x0000000000d04000 	/System/Library/Frameworks/OpenGL.framework/Versions/A/OpenGL
0x0000000000d04000 	/System/Library/PrivateFrameworks/Sharing.framework/Versions/A/Sharing
0x0000000000d04000 	/System/Library/Frameworks/ImageIO.framework/Versions/A/ImageIO
0x0000000000d04000 	/System/Library/Frameworks/CoreText.framework/Versions/A/CoreText
0x0000000000d04000 	/System/Library/Frameworks/CoreGraphics.framework/Versions/A/CoreGraphics
0x0000000000d04000 	/System/Library/PrivateFrameworks/Backup.framework/Versions/A/Backup
0x0000000000d04000 	/System/Library/Frameworks/CFNetwork.framework/Versions/A/CFNetwork
0x0000000000d04000 	/System/Library/Frameworks/SystemConfiguration.framework/Versions/A/SystemConfiguration
0x0000000000d04000 	/usr/lib/libCRFSuite.dylib
0x0000000000d04000 	/usr/lib/libc++.1.dylib
0x0000000000d04000 	/usr/lib/libc++abi.dylib
0x0000000000d04000 	/usr/lib/system/libcache.dylib
0x0000000000d04000 	/usr/lib/system/libcommonCrypto.dylib
0x0000000000d04000 	/usr/lib/system/libcompiler_rt.dylib
0x0000000000d04000 	/usr/lib/system/libcopyfile.dylib
0x0000000000d04000 	/usr/lib/system/libcorecrypto.dylib
0x0000000000d04000 	/usr/lib/system/libdispatch.dylib
0x0000000000d04000 	/usr/lib/system/libdyld.dylib
0x0000000000d04000 	/usr/lib/system/libkeymgr.dylib
0x0000000000d04000 	/usr/lib/system/liblaunch.dylib
0x0000000000d04000 	/usr/lib/system/libmacho.dylib
0x0000000000d04000 	/usr/lib/system/libquarantine.dylib
0x0000000000d04000 	/usr/lib/system/libremovefile.dylib
0x0000000000d04000 	/usr/lib/system/libsystem_asl.dylib
0x0000000000d04000 	/usr/lib/system/libsystem_blocks.dylib
0x0000000000d04000 	/usr/lib/system/libsystem_c.dylib
0x0000000000d04000 	/usr/lib/system/libsystem_configuration.dylib
0x0000000000d04000 	/usr/lib/system/libsystem_dnssd.dylib
0x0000000000d04000 	/usr/lib/system/libsystem_info.dylib
0x0000000000d04000 	/usr/lib/system/libsystem_kernel.dylib
0x0000000000d04000 	/usr/lib/system/libsystem_m.dylib
0x0000000000d04000 	/usr/lib/system/libsystem_malloc.dylib
0x0000000000d04000 	/usr/lib/system/libsystem_network.dylib
0x0000000000d04000 	/usr/lib/system/libsystem_notify.dylib
0x0000000000d04000 	/usr/lib/system/libsystem_platform.dylib
0x0000000000d04000 	/usr/lib/system/libsystem_pthread.dylib
0x0000000000d04000 	/usr/lib/system/libsystem_sandbox.dylib
0x0000000000d04000 	/usr/lib/system/libsystem_stats.dylib
0x0000000000d04000 	/usr/lib/system/libunc.dylib
0x0000000000d04000 	/usr/lib/system/libunwind.dylib
0x0000000000d04000 	/usr/lib/system/libxpc.dylib
0x0000000000d04000 	/usr/lib/libbsm.0.dylib
0x0000000000d04000 	/usr/lib/libsqlite3.dylib
0x0000000000d04000 	/usr/lib/libxar.1.dylib
0x0000000000d04000 	/usr/lib/libpam.2.dylib
0x0000000000d04000 	/usr/lib/libOpenScriptingUtil.dylib
0x0000000000d04000 	/usr/lib/libbz2.1.0.dylib
0x0000000000d04000 	/System/Library/Frameworks/CoreServices.framework/Versions/A/Frameworks/CarbonCore.framework/Versions/A/CarbonCore
0x0000000000d04000 	/System/Library/Frameworks/CoreServices.framework/Versions/A/Frameworks/Metadata.framework/Versions/A/Metadata
0x0000000000d04000 	/System/Library/Frameworks/CoreServices.framework/Versions/A/Frameworks/OSServices.framework/Versions/A/OSServices
0x0000000000d04000 	/System/Library/Frameworks/CoreServices.framework/Versions/A/Frameworks/SearchKit.framework/Versions/A/SearchKit
0x0000000000d04000 	/System/Library/Frameworks/CoreServices.framework/Versions/A/Frameworks/AE.framework/Versions/A/AE
0x0000000000d04000 	/System/Library/Frameworks/CoreServices.framework/Versions/A/Frameworks/LaunchServices.framework/Versions/A/LaunchServices
0x0000000000d04000 	/System/Library/Frameworks/CoreServices.framework/Versions/A/Frameworks/DictionaryServices.framework/Versions/A/DictionaryServices
0x0000000000d04000 	/System/Library/Frameworks/NetFS.framework/Versions/A/NetFS
0x0000000000d04000 	/usr/lib/system/libkxld.dylib
0x0000000000d04000 	/System/Library/PrivateFrameworks/NetAuth.framework/Versions/A/NetAuth
0x0000000000d04000 	/System/Library/PrivateFrameworks/TCC.framework/Versions/A/TCC
0x0000000000d04000 	/System/Library/Frameworks/OpenDirectory.framework/Versions/A/Frameworks/CFOpenDirectory.framework/Versions/A/CFOpenDirectory
0x0000000000d04000 	/System/Library/Frameworks/ServiceManagement.framework/Versions/A/ServiceManagement
0x0000000000d04000 	/usr/lib/libxslt.1.dylib
0x0000000000d04000 	/System/Library/Frameworks/Carbon.framework/Versions/A/Frameworks/Ink.framework/Versions/A/Ink
0x0000000000d04000 	/System/Library/Frameworks/ApplicationServices.framework/Versions/A/Frameworks/ATS.framework/Versions/A/ATS
0x0000000000d04000 	/System/Library/Frameworks/ApplicationServices.framework/Versions/A/Frameworks/ColorSync.framework/Versions/A/ColorSync
0x0000000000d04000 	/System/Library/Frameworks/ApplicationServices.framework/Versions/A/Frameworks/HIServices.framework/Versions/A/HIServices
0x0000000000d04000 	/System/Library/Frameworks/ApplicationServices.framework/Versions/A/Frameworks/LangAnalysis.framework/Versions/A/LangAnalysis
0x0000000000d04000 	/System/Library/Frameworks/ApplicationServices.framework/Versions/A/Frameworks/PrintCore.framework/Versions/A/PrintCore
0x0000000000d04000 	/System/Library/Frameworks/ApplicationServices.framework/Versions/A/Frameworks/QD.framework/Versions/A/QD
0x0000000000d04000 	/System/Library/Frameworks/ApplicationServices.framework/Versions/A/Frameworks/SpeechSynthesis.framework/Versions/A/SpeechSynthesis
0x0000000000d04000 	/System/Library/Frameworks/IOSurface.framework/Versions/A/IOSurface
0x0000000000d04000 	/System/Library/Frameworks/Accelerate.framework/Versions/A/Accelerate
0x0000000000d04000 	/System/Library/Frameworks/Accelerate.framework/Versions/A/Frameworks/vImage.framework/Versions/A/vImage
0x0000000000d04000 	/System/Library/Frameworks/Accelerate.framework/Versions/A/Frameworks/vecLib.framework/Versions/A/vecLib
0x0000000000d04000 	/System/Library/Frameworks/Accelerate.framework/Versions/A/Frameworks/vecLib.framework/Versions/A/libvDSP.dylib
0x0000000000d04000 	/System/Library/Frameworks/Accelerate.framework/Versions/A/Frameworks/vecLib.framework/Versions/A/libvMisc.dylib
0x0000000000d04000 	/System/Library/Frameworks/Accelerate.framework/Versions/A/Frameworks/vecLib.framework/Versions/A/libLAPACK.dylib
0x0000000000d04000 	/System/Library/Frameworks/Accelerate.framework/Versions/A/Frameworks/vecLib.framework/Versions/A/libBLAS.dylib
0x0000000000d04000 	/System/Library/Frameworks/ApplicationServices.framework/Versions/A/Frameworks/ATS.framework/Versions/A/Resources/libFontParser.dylib
0x0000000000d04000 	/System/Library/Frameworks/ApplicationServices.framework/Versions/A/Frameworks/ATS.framework/Versions/A/Resources/libFontRegistry.dylib
0x0000000000d04000 	/System/Library/Frameworks/ImageIO.framework/Versions/A/Resources/libJPEG.dylib
0x0000000000d04000 	/System/Library/Frameworks/ImageIO.framework/Versions/A/Resources/libTIFF.dylib
0x0000000000d04000 	/System/Library/Frameworks/ImageIO.framework/Versions/A/Resources/libPng.dylib
0x0000000000d04000 	/System/Library/Frameworks/ImageIO.framework/Versions/A/Resources/libGIF.dylib
0x0000000000d04000 	/System/Library/Frameworks/ImageIO.framework/Versions/A/Resources/libJP2.dylib
0x0000000000d04000 	/System/Library/Frameworks/ImageIO.framework/Versions/A/Resources/libRadiance.dylib
0x0000000000d04000 	/usr/lib/libcups.2.dylib
0x0000000000d04000 	/System/Library/Frameworks/Kerberos.framework/Versions/A/Kerberos
0x0000000000d04000 	/System/Library/Frameworks/GSS.framework/Versions/A/GSS
0x0000000000d04000 	/usr/lib/libresolv.9.dylib
0x0000000000d04000 	/usr/lib/libiconv.2.dylib
0x0000000000d04000 	/System/Library/PrivateFrameworks/Heimdal.framework/Versions/A/Heimdal
0x0000000000d04000 	/System/Library/PrivateFrameworks/TrustEvaluationAgent.framework/Versions/A/TrustEvaluationAgent
0x0000000000d04000 	/usr/lib/libheimdal-asn1.dylib
0x0000000000d04000 	/System/Library/Frameworks/OpenDirectory.framework/Versions/A/OpenDirectory
0x0000000000d04000 	/System/Library/PrivateFrameworks/CommonAuth.framework/Versions/A/CommonAuth
0x0000000000d04000 	/System/Library/Frameworks/SecurityFoundation.framework/Versions/A/SecurityFoundation
0x0000000000d04000 	/System/Library/PrivateFrameworks/Bom.framework/Versions/A/Bom
0x0000000000d04000 	/System/Library/Frameworks/CoreVideo.framework/Versions/A/CoreVideo
0x0000000000d04000 	/System/Library/Frameworks/QuartzCore.framework/Versions/A/Frameworks/CoreImage.framework/Versions/A/CoreImage
0x0000000000d04000 	/System/Library/Frameworks/QuartzCore.framework/Versions/A/Frameworks/ScalableUserInterface.framework/Versions/A/ScalableUserInterface
0x0000000000d04000 	/System/Library/Frameworks/OpenGL.framework/Versions/A/Libraries/libGLU.dylib
0x0000000000d04000 	/System/Library/Frameworks/OpenGL.framework/Versions/A/Libraries/libGFXShared.dylib
0x0000000000d04000 	/System/Library/Frameworks/OpenGL.framework/Versions/A/Libraries/libGL.dylib
0x0000000000d04000 	/System/Library/Frameworks/OpenGL.framework/Versions/A/Libraries/libGLImage.dylib
0x0000000000d04000 	/System/Library/Frameworks/OpenGL.framework/Versions/A/Libraries/libCVMSPluginSupport.dylib
0x0000000000d04000 	/System/Library/Frameworks/OpenGL.framework/Versions/A/Libraries/libCoreVMClient.dylib
0x0000000000d04000 	/System/Library/PrivateFrameworks/FaceCore.framework/Versions/A/FaceCore
0x0000000000d04000 	/System/Library/PrivateFrameworks/CrashReporterSupport.framework/Versions/A/CrashReporterSupport
0x0000000000d04000 	/System/Library/Frameworks/OpenCL.framework/Versions/A/OpenCL
0x0000000000d04000 	/System/Library/PrivateFrameworks/AppleFSCompression.framework/Versions/A/AppleFSCompression
0x0000000000d04000 	/System/Library/PrivateFrameworks/Ubiquity.framework/Versions/A/Ubiquity
0x0000000000d04000 	/System/Library/PrivateFrameworks/IconServices.framework/Versions/A/IconServices
0x0000000000d04000 	/System/Library/PrivateFrameworks/ChunkingLibrary.framework/Versions/A/ChunkingLibrary
0x0000000000d04000 	/System/Library/PrivateFrameworks/CoreSymbolication.framework/Versions/A/CoreSymbolication
0x0000000000d04000 	/System/Library/PrivateFrameworks/Symbolication.framework/Versions/A/Symbolication
0x0000000000d04000 	/System/Library/PrivateFrameworks/DebugSymbols.framework/Versions/A/DebugSymbols
0x000000010115b000 	/Library/Java/JavaVirtualMachines/jdk1.7.0_25.jdk/Contents/Home/jre/lib/server/libjvm.dylib
0x0000000000d04000 	/usr/lib/libstdc++.6.dylib
0x0000000101d07000 	/Library/Java/JavaVirtualMachines/jdk1.7.0_25.jdk/Contents/Home/jre/lib/libverify.dylib
0x0000000101d14000 	/Library/Java/JavaVirtualMachines/jdk1.7.0_25.jdk/Contents/Home/jre/lib/libjava.dylib
0x0000000101d45000 	/Library/Java/JavaVirtualMachines/jdk1.7.0_25.jdk/Contents/Home/jre/lib/libinstrument.dylib
0x0000000101d9f000 	/Library/Java/JavaVirtualMachines/jdk1.7.0_25.jdk/Contents/Home/jre/lib/libzip.dylib
0x0000000145574000 	/System/Library/Frameworks/JavaVM.framework/Frameworks/JavaRuntimeSupport.framework/JavaRuntimeSupport
0x000000014558c000 	/System/Library/Frameworks/JavaVM.framework/Versions/A/Frameworks/JavaNativeFoundation.framework/Versions/A/JavaNativeFoundation
0x00000001455a1000 	/System/Library/Frameworks/JavaVM.framework/Versions/A/JavaVM
0x0000000000d04000 	/System/Library/Frameworks/Carbon.framework/Versions/A/Carbon
0x00000001455ae000 	/System/Library/PrivateFrameworks/JavaLaunching.framework/Versions/A/JavaLaunching
0x0000000000d04000 	/System/Library/Frameworks/Carbon.framework/Versions/A/Frameworks/CommonPanels.framework/Versions/A/CommonPanels
0x0000000000d04000 	/System/Library/Frameworks/Carbon.framework/Versions/A/Frameworks/Help.framework/Versions/A/Help
0x0000000000d04000 	/System/Library/Frameworks/Carbon.framework/Versions/A/Frameworks/ImageCapture.framework/Versions/A/ImageCapture
0x0000000000d04000 	/System/Library/Frameworks/Carbon.framework/Versions/A/Frameworks/OpenScripting.framework/Versions/A/OpenScripting
0x0000000000d04000 	/System/Library/Frameworks/Carbon.framework/Versions/A/Frameworks/Print.framework/Versions/A/Print
0x0000000000d04000 	/System/Library/Frameworks/Carbon.framework/Versions/A/Frameworks/SecurityHI.framework/Versions/A/SecurityHI
0x00000001465fa000 	/private/var/folders/9x/bfdwgmcj7j1f5rp2vzhpmlyw0000gn/T/libjansi-64-7846120024513999949.jnilib
0x00000001463a4000 	/Library/Java/JavaVirtualMachines/jdk1.7.0_25.jdk/Contents/Home/jre/lib/libnio.dylib
0x000000014642b000 	/Library/Java/JavaVirtualMachines/jdk1.7.0_25.jdk/Contents/Home/jre/lib/./libnet.dylib
0x0000000146b93000 	/Library/Java/JavaVirtualMachines/jdk1.7.0_25.jdk/Contents/Home/jre/lib/libmanagement.dylib
0x0000000146bfd000 	/Library/Java/JavaVirtualMachines/jdk1.7.0_25.jdk/Contents/Home/jre/lib/libawt.dylib
0x00000001471d3000 	/Library/Java/JavaVirtualMachines/jdk1.7.0_25.jdk/Contents/Home/jre/lib/./libmlib_image.dylib
0x0000000147513000 	/Library/Java/JavaVirtualMachines/jdk1.7.0_25.jdk/Contents/Home/jre/lib/lwawt/liblwawt.dylib
0x0000000145c27000 	/Library/Java/JavaVirtualMachines/jdk1.7.0_25.jdk/Contents/Home/jre/lib/libosxapp.dylib
0x0000000000d04000 	/System/Library/Frameworks/ExceptionHandling.framework/Versions/A/ExceptionHandling
0x0000000000d04000 	/System/Library/PrivateFrameworks/CoreServicesInternal.framework/Versions/A/CoreServicesInternal
0x0000000000d04000 	/System/Library/PrivateFrameworks/Librarian.framework/Versions/A/Librarian
0x0000000000d04000 	/System/Library/Frameworks/CoreGraphics.framework/Versions/A/Resources/libCGCMS.A.dylib
0x0000000000d04000 	/System/Library/Frameworks/CoreGraphics.framework/Versions/A/Resources/libRIP.A.dylib
0x0000000000d04000 	/System/Library/Frameworks/CoreGraphics.framework/Versions/A/Resources/libCGXType.A.dylib
0x0000000000d04000 	/System/Library/PrivateFrameworks/FamilyControls.framework/Versions/A/FamilyControls
0x0000000000d04000 	/System/Library/PrivateFrameworks/CommerceKit.framework/Versions/A/Frameworks/CommerceCore.framework/Versions/A/CommerceCore
0x0000000000d04000 	/System/Library/PrivateFrameworks/SystemAdministration.framework/Versions/A/SystemAdministration
0x0000000000d04000 	/System/Library/Frameworks/DirectoryService.framework/Versions/A/DirectoryService
0x0000000000d04000 	/System/Library/PrivateFrameworks/DiskImages.framework/Versions/A/DiskImages
0x0000000000d04000 	/System/Library/PrivateFrameworks/LoginUIKit.framework/Versions/A/Frameworks/LoginUICore.framework/Versions/A/LoginUICore
0x0000000000d04000 	/usr/lib/libCoreStorage.dylib
0x0000000000d04000 	/usr/lib/libcsfde.dylib
0x0000000000d04000 	/usr/lib/libodfde.dylib
0x0000000000d04000 	/System/Library/Frameworks/DiscRecording.framework/Versions/A/DiscRecording
0x0000000000d04000 	/usr/lib/libcurl.4.dylib
0x0000000000d04000 	/System/Library/PrivateFrameworks/MediaKit.framework/Versions/A/MediaKit
0x0000000000d04000 	/System/Library/PrivateFrameworks/EFILogin.framework/Versions/A/EFILogin
0x0000000000d04000 	/usr/lib/libutil.dylib
0x0000000000d04000 	/System/Library/PrivateFrameworks/AOSNotification.framework/Versions/A/AOSNotification
0x0000000000d04000 	/System/Library/Frameworks/LDAP.framework/Versions/A/LDAP
0x0000000000d04000 	/usr/lib/libsasl2.2.dylib
0x0000000000d04000 	/usr/lib/libcrypto.0.9.8.dylib
0x0000000000d04000 	/usr/lib/libssl.0.9.8.dylib
0x0000000147f52000 	/Library/Java/JavaVirtualMachines/jdk1.7.0_25.jdk/Contents/Home/jre/lib/libfontmanager.dylib
0x0000000145cc0000 	/Library/Java/JavaVirtualMachines/jdk1.7.0_25.jdk/Contents/Home/jre/lib/libAppleScriptEngine.dylib

VM Arguments:
jvm_args: -Dfile.encoding=UTF-8 -Xmx768M -Xms64M -XX:MaxPermSize=256m -Dgrails.fork.parent.process.port=52379 -Dgrails.fork.active=true -Dgrails.build.execution.context=/private/var/folders/9x/bfdwgmcj7j1f5rp2vzhpmlyw0000gn/T/platform-manager4163368780892657794grails-execution-context -Dgrails.home=/Users/ruuben/.gvm/grails/2.4.2 -javaagent:/Users/ruuben/.gvm/grails/2.4.2/lib/org.springframework/springloaded/jars/springloaded-1.2.0.RELEASE.jar -Xverify:none -Dspringloaded.synchronize=true -Djdk.reflect.allowGetCallerClass=true -Dspringloaded=profile=grails;cacheDir=/Users/ruuben/.grails/2.4.2 
java_command: org.grails.plugins.tomcat.fork.ForkedTomcatServer
Launcher Type: SUN_STANDARD

Environment Variables:
JAVA_HOME=/Library/Java/JavaVirtualMachines/jdk1.7.0_25.jdk/Contents/Home
PATH=/Users/ruuben/.gvm/vertx/current/bin:/Users/ruuben/.gvm/springboot/current/bin:/Users/ruuben/.gvm/lazybones/current/bin:/Users/ruuben/.gvm/groovyserv/current/bin:/Users/ruuben/.gvm/groovy/current/bin:/Users/ruuben/.gvm/griffon/current/bin:/Users/ruuben/.gvm/grails/current/bin:/Users/ruuben/.gvm/gradle/current/bin:/Users/ruuben/.gvm/glide/current/bin:/Users/ruuben/.gvm/gaiden/current/bin:/Users/ruuben/.gvm/crash/current/bin:/usr/bin:/bin:/usr/sbin:/sbin:/usr/local/bin:/usr/texbin:/Users/ruuben/Work/grails-2.2.3/bin:/Users/ruuben/Work/maven/bin
SHELL=/bin/bash

Signal Handlers:
SIGSEGV: [libjvm.dylib+0x4a820f], sa_mask[0]=0xfffefeff, sa_flags=0x00000042
SIGBUS: [libjvm.dylib+0x4a820f], sa_mask[0]=0xfffefeff, sa_flags=0x00000042
SIGFPE: [libjvm.dylib+0x3b7495], sa_mask[0]=0xfffefeff, sa_flags=0x00000042
SIGPIPE: [libjvm.dylib+0x3b7495], sa_mask[0]=0xfffefeff, sa_flags=0x00000042
SIGXFSZ: [libjvm.dylib+0x3b7495], sa_mask[0]=0xfffefeff, sa_flags=0x00000042
SIGILL: [libjvm.dylib+0x3b7495], sa_mask[0]=0xfffefeff, sa_flags=0x00000042
SIGUSR1: SIG_DFL, sa_mask[0]=0x63807efb, sa_flags=0x00000000
SIGUSR2: [libjvm.dylib+0x3b702e], sa_mask[0]=0x00000004, sa_flags=0x00000042
SIGHUP: [libjvm.dylib+0x3b528f], sa_mask[0]=0xfffefeff, sa_flags=0x00000042
SIGINT: [libjvm.dylib+0x3b528f], sa_mask[0]=0xfffefeff, sa_flags=0x00000042
SIGTERM: [libjvm.dylib+0x3b528f], sa_mask[0]=0xfffefeff, sa_flags=0x00000042
SIGQUIT: [libjvm.dylib+0x3b528f], sa_mask[0]=0xfffefeff, sa_flags=0x00000042


---------------  S Y S T E M  ---------------

OS:Bsduname:Darwin 13.3.0 Darwin Kernel Version 13.3.0: Tue Jun  3 21:27:35 PDT 2014; root:xnu-2422.110.17~1/RELEASE_X86_64 x86_64
rlimit: STACK 8192k, CORE 0k, NPROC 709, NOFILE 10240, AS infinity
load average:3,57 2,88 2,74

CPU:total 2 (2 cores per cpu, 1 threads per core) family 6 model 23 stepping 10, cmov, cx8, fxsr, mmx, sse, sse2, sse3, ssse3, sse4.1, tsc

Memory: 4k page, physical 1360072k(340018k free)

/proc/meminfo:


vm_info: Java HotSpot(TM) 64-Bit Server VM (23.25-b01) for bsd-amd64 JRE (1.7.0_25-b15), built on Jun  5 2013 22:26:36 by "java_re" with gcc 4.2.1 (Based on Apple Inc. build 5658) (LLVM build 2336.11.00)

time: Sun Aug 31 09:48:55 2014
elapsed time: 2959 seconds

