#
# A fatal error has been detected by the Java Runtime Environment:
#
#  SIGSEGV (0xb) at pc=0x000000010813fd07, pid=2566, tid=15363
#
# JRE version: 7.0_25-b15
# Java VM: Java HotSpot(TM) 64-Bit Server VM (23.25-b01 mixed mode bsd-amd64 compressed oops)
# Problematic frame:
# V  [libjvm.dylib+0x13fd07]
#
# Failed to write core dump. Core dumps have been disabled. To enable core dumping, try "ulimit -c unlimited" before starting Java again
#
# If you would like to submit a bug report, please visit:
#   http://bugreport.sun.com/bugreport/crash.jsp
#

---------------  T H R E A D  ---------------

Current thread (0x00007ffc310a3800):  JavaThread "C2 CompilerThread1" daemon [_thread_in_native, id=15363, stack(0x000000010c9ec000,0x000000010caec000)]

siginfo:si_signo=SIGSEGV: si_errno=0, si_code=1 (SEGV_MAPERR), si_addr=0x00000001e80a3450

Registers:
RAX=0x0000000036a61110, RBX=0x0000000000000003, RCX=0x000000010d71f010, RDX=0x000000010cae8be0
RSP=0x000000010cae89a0, RBP=0x000000010cae8a10, RSI=0x0000000000000000, RDI=0x00007ffc348a2288
R8 =0x0000000000000001, R9 =0x000000010cae8900, R10=0x0000000000000004, R11=0x0000000000000202
R12=0x00007ffc36f83e28, R13=0x000000010da6aec0, R14=0x0000000000000000, R15=0x000000010da2a010
RIP=0x000000010813fd07, EFLAGS=0x0000000000010202, ERR=0x0000000000000004
  TRAPNO=0x000000000000000e

Top of Stack: (sp=0x000000010cae89a0)
0x000000010cae89a0:   000000010ee63010 00000000000004f0
0x000000010cae89b0:   0000000100000006 000000000000000b
0x000000010cae89c0:   00007ffcffffffff 010000010cae8be0
0x000000010cae89d0:   00007ffc36012290 000000010cae9778
0x000000010cae89e0:   00007ffc348a2288 000000010cae9778
0x000000010cae89f0:   000000010cae8c98 000000010cae8c20
0x000000010cae8a00:   00007ffc37add540 000000010cae8c98
0x000000010cae8a10:   000000010cae8ce0 000000010814061f
0x000000010cae8a20:   000000010cae8a50 00007ffc37add928
0x000000010cae8a30:   00007ffc37add550 00007ffc34ac7cd0
0x000000010cae8a40:   0000000000000007 0000000000000025
0x000000010cae8a50:   00000000f852007a 0000000107b04400
0x000000010cae8a60:   000000010cae8ab0 00007fff8ff50761
0x000000010cae8a70:   00000008330aa7d0 07ae006f00000002
0x000000010cae8a80:   000000000000006f 0000000000000a00
0x000000010cae8a90:   0000000107ae9000 0000000107b03a00
0x000000010cae8aa0:   00007ffc31d8e681 0000000107b04400
0x000000010cae8ab0:   000000010cae8b90 00007fff8ff4fb35
0x000000010cae8ac0:   006f000107b04400 000000010cae8b64
0x000000010cae8ad0:   000000010cae8b60 000000000000dca0
0x000000010cae8ae0:   000000000cae8b5c 000000000000006f
0x000000010cae8af0:   000000000000d4a7 0000010092e636ea
0x000000010cae8b00:   00000001086b3588 0000206000799600
0x000000010cae8b10:   00007ffc367f8000 00007ffc33b0ce00
0x000000010cae8b20:   000000010cae8c70 00007fff92e634a9
0x000000010cae8b30:   0000000000001001 000000010cae8bd4
0x000000010cae8b40:   000000010cae8bd0 0000000000000000
0x000000010cae8b50:   000000010cae8bcc 00000001086b358c
0x000000010cae8b60:   000000000000d4a7 0000010092e636ea
0x000000010cae8b70:   00000001086b3588 0000206000aeb208
0x000000010cae8b80:   000000000000dca0 0000000000000000
0x000000010cae8b90:   00007ffc33b0ce00 000000010caeb208 

Instructions: (pc=0x000000010813fd07)
0x000000010813fce7:   48 89 45 a8 89 cb 48 8b 45 d0 48 8b 40 08 48 8b
0x000000010813fcf7:   04 d8 8b 40 28 48 8b 4d c8 48 8b 89 d0 00 00 00
0x000000010813fd07:   44 8b 34 81 4d 85 f6 0f 84 a3 01 00 00 80 7d bf
0x000000010813fd17:   00 74 15 3b 5d b0 75 10 48 8b 45 d0 48 8b 08 48 

Register to memory mapping:

RAX=0x0000000036a61110 is an unknown value
RBX=0x0000000000000003 is an unknown value
RCX=0x000000010d71f010 is an unknown value
RDX=0x000000010cae8be0 is pointing into the stack for thread: 0x00007ffc310a3800
RSP=0x000000010cae89a0 is pointing into the stack for thread: 0x00007ffc310a3800
RBP=0x000000010cae8a10 is pointing into the stack for thread: 0x00007ffc310a3800
RSI=0x0000000000000000 is an unknown value
RDI=0x00007ffc348a2288 is an unknown value
R8 =0x0000000000000001 is an unknown value
R9 =0x000000010cae8900 is pointing into the stack for thread: 0x00007ffc310a3800
R10=0x0000000000000004 is an unknown value
R11=0x0000000000000202 is an unknown value
R12=0x00007ffc36f83e28 is an unknown value
R13=0x000000010da6aec0 is an unknown value
R14=0x0000000000000000 is an unknown value
R15=0x000000010da2a010 is an unknown value


Stack: [0x000000010c9ec000,0x000000010caec000],  sp=0x000000010cae89a0,  free space=1010k
Native frames: (J=compiled Java code, j=interpreted, Vv=VM code, C=native code)
V  [libjvm.dylib+0x13fd07]
V  [libjvm.dylib+0x14061f]
V  [libjvm.dylib+0x181c7c]
V  [libjvm.dylib+0x184cb1]
V  [libjvm.dylib+0x1312d9]
V  [libjvm.dylib+0x1870e5]
V  [libjvm.dylib+0x188d25]
V  [libjvm.dylib+0x47cbd8]
V  [libjvm.dylib+0x47e0ca]
V  [libjvm.dylib+0x3b95f9]
C  [libsystem_pthread.dylib+0x1899]  _pthread_body+0x8a
C  [libsystem_pthread.dylib+0x172a]  _pthread_struct_init+0x0
C  [libsystem_pthread.dylib+0x5fc9]  thread_start+0xd


Current CompileTask:
C2:  57541 1913             sl.org.objectweb.asm.ClassReader::accept (5521 bytes)


---------------  P R O C E S S  ---------------

Java Threads: ( => current thread )
  0x00007ffc365b2000 JavaThread "pool-2-thread-5" [_thread_blocked, id=19203, stack(0x000000010ebef000,0x000000010ecef000)]
  0x00007ffc365b1000 JavaThread "pool-2-thread-4" [_thread_blocked, id=18947, stack(0x000000010eaec000,0x000000010ebec000)]
  0x00007ffc36b16800 JavaThread "pool-2-thread-3" [_thread_blocked, id=18691, stack(0x000000010e79e000,0x000000010e89e000)]
  0x00007ffc36a2e800 JavaThread "pool-2-thread-2" [_thread_blocked, id=18435, stack(0x000000010e69b000,0x000000010e79b000)]
  0x00007ffc3612d800 JavaThread "pool-2-thread-1" [_thread_blocked, id=18179, stack(0x000000010e598000,0x000000010e698000)]
  0x00007ffc3662a800 JavaThread "pool-1-thread-5" [_thread_blocked, id=17415, stack(0x000000010df51000,0x000000010e051000)]
  0x00007ffc36a2e000 JavaThread "pool-1-thread-4" [_thread_blocked, id=16907, stack(0x000000010de4e000,0x000000010df4e000)]
  0x00007ffc36b15800 JavaThread "pool-1-thread-3" [_thread_blocked, id=16647, stack(0x000000010dd4b000,0x000000010de4b000)]
  0x00007ffc36af5800 JavaThread "pool-1-thread-2" [_thread_blocked, id=10507, stack(0x000000010dc48000,0x000000010dd48000)]
  0x00007ffc36af5000 JavaThread "pool-1-thread-1" [_thread_blocked, id=17679, stack(0x000000010d85b000,0x000000010d95b000)]
  0x00007ffc369f8000 JavaThread "FileSystemWatcher: files=#70 cl=java.net.URLClassLoader@3451c38b" daemon [_thread_blocked, id=12303, stack(0x000000010e3f4000,0x000000010e4f4000)]
  0x00007ffc371c3000 JavaThread "FileSystemWatcher: files=#7 cl=groovy.lang.GroovyClassLoader@31104691" daemon [_thread_blocked, id=17159, stack(0x000000010e0e2000,0x000000010e1e2000)]
  0x00007ffc309d2000 JavaThread "process reaper" daemon [_thread_blocked, id=16131, stack(0x000000010cf9b000,0x000000010cfc3000)]
  0x00007ffc310a4000 JavaThread "Service Thread" daemon [_thread_blocked, id=15619, stack(0x000000010caef000,0x000000010cbef000)]
=>0x00007ffc310a3800 JavaThread "C2 CompilerThread1" daemon [_thread_in_native, id=15363, stack(0x000000010c9ec000,0x000000010caec000)]
  0x00007ffc3101c000 JavaThread "C2 CompilerThread0" daemon [_thread_in_vm, id=15107, stack(0x000000010c8e9000,0x000000010c9e9000)]
  0x00007ffc3086c800 JavaThread "Signal Dispatcher" daemon [_thread_blocked, id=14851, stack(0x000000010c729000,0x000000010c829000)]
  0x00007ffc31015800 JavaThread "Finalizer" daemon [_thread_blocked, id=10243, stack(0x000000010c4da000,0x000000010c5da000)]
  0x00007ffc3084e000 JavaThread "Reference Handler" daemon [_thread_blocked, id=9987, stack(0x000000010c3d7000,0x000000010c4d7000)]
  0x00007ffc3080e800 JavaThread "main" [_thread_blocked, id=6403, stack(0x0000000108aaa000,0x0000000108baa000)]

Other Threads:
  0x00007ffc31014800 VMThread [stack: 0x000000010c2d4000,0x000000010c3d4000] [id=9731]
  0x00007ffc310a8000 WatcherThread [stack: 0x000000010cbf2000,0x000000010ccf2000] [id=15875]

VM state:not at safepoint (normal execution)

VM Mutex/Monitor currently owned by a thread: None

Heap
 def new generation   total 54912K, used 12329K [0x00000007c0000000, 0x00000007c3b90000, 0x00000007d0000000)
  eden space 48832K,  19% used [0x00000007c0000000, 0x00000007c0928a38, 0x00000007c2fb0000)
  from space 6080K,  48% used [0x00000007c2fb0000, 0x00000007c3291cb0, 0x00000007c35a0000)
  to   space 6080K,   0% used [0x00000007c35a0000, 0x00000007c35a0000, 0x00000007c3b90000)
 tenured generation   total 121764K, used 75677K [0x00000007d0000000, 0x00000007d76e9000, 0x00000007f0000000)
   the space 121764K,  62% used [0x00000007d0000000, 0x00000007d49e7750, 0x00000007d49e7800, 0x00000007d76e9000)
 compacting perm gen  total 46848K, used 46812K [0x00000007f0000000, 0x00000007f2dc0000, 0x0000000800000000)
   the space 46848K,  99% used [0x00000007f0000000, 0x00000007f2db7208, 0x00000007f2db7400, 0x00000007f2dc0000)
No shared spaces configured.

Card table byte_map: [0x000000010bcf5000,0x000000010bef6000] byte_map_base: 0x0000000107ef5000

Polling page: 0x0000000107bf1000

Code Cache  [0x0000000108c35000, 0x0000000109435000, 0x000000010bc35000)
 total_blobs=2386 nmethods=1777 adapters=560 free_code_cache=41119Kb largest_free_block=41957568

Compilation events (10 events):
Event: 56,662 Thread 0x00007ffc310a3800 1913             sl.org.objectweb.asm.ClassReader::accept (5521 bytes)
Event: 57,461 Thread 0x00007ffc3101c000 nmethod 35% 0x0000000109419950 code [0x000000010941a600, 0x0000000109422400]
Event: 57,462 Thread 0x00007ffc3101c000 1914             java.beans.FeatureDescriptor::getWeakReference (17 bytes)
Event: 57,464 Thread 0x00007ffc3101c000 nmethod 1914 0x00000001093bf250 code [0x00000001093bf3a0, 0x00000001093bf478]
Event: 57,464 Thread 0x00007ffc3101c000 1915             com.sun.beans.TypeResolver::getActualType (24 bytes)
Event: 57,468 Thread 0x00007ffc3101c000 nmethod 1915 0x00000001093b9f90 code [0x00000001093ba120, 0x00000001093ba350]
Event: 57,469 Thread 0x00007ffc3101c000 1916             org.codehaus.groovy.runtime.metaclass.MetaMethodIndex::addMethodToList (290 bytes)
Event: 57,513 Thread 0x00007ffc3101c000 nmethod 1916 0x00000001093c4010 code [0x00000001093c4320, 0x00000001093c5430]
Event: 57,514 Thread 0x00007ffc3101c000 1917  s!         sun.misc.URLClassPath::getLoader (154 bytes)
Event: 57,536 Thread 0x00007ffc3101c000 nmethod 1917 0x00000001093eff90 code [0x00000001093f0160, 0x00000001093f0d70]

GC Heap History (10 events):
Event: 55,863 GC heap before
{Heap before GC invocations=205 (full 4):
 def new generation   total 54912K, used 50530K [0x00000007c0000000, 0x00000007c3b90000, 0x00000007d0000000)
  eden space 48832K, 100% used [0x00000007c0000000, 0x00000007c2fb0000, 0x00000007c2fb0000)
  from space 6080K,  27% used [0x00000007c35a0000, 0x00000007c3748a08, 0x00000007c3b90000)
  to   space 6080K,   0% used [0x00000007c2fb0000, 0x00000007c2fb0000, 0x00000007c35a0000)
 tenured generation   total 121764K, used 70024K [0x00000007d0000000, 0x00000007d76e9000, 0x00000007f0000000)
   the space 121764K,  57% used [0x00000007d0000000, 0x00000007d44623f8, 0x00000007d4462400, 0x00000007d76e9000)
 compacting perm gen  total 45568K, used 45298K [0x00000007f0000000, 0x00000007f2c80000, 0x0000000800000000)
   the space 45568K,  99% used [0x00000007f0000000, 0x00000007f2c3c978, 0x00000007f2c3ca00, 0x00000007f2c80000)
No shared spaces configured.
Event: 55,882 GC heap after
Heap after GC invocations=206 (full 4):
 def new generation   total 54912K, used 4196K [0x00000007c0000000, 0x00000007c3b90000, 0x00000007d0000000)
  eden space 48832K,   0% used [0x00000007c0000000, 0x00000007c0000000, 0x00000007c2fb0000)
  from space 6080K,  69% used [0x00000007c2fb0000, 0x00000007c33c9388, 0x00000007c35a0000)
  to   space 6080K,   0% used [0x00000007c35a0000, 0x00000007c35a0000, 0x00000007c3b90000)
 tenured generation   total 121764K, used 70024K [0x00000007d0000000, 0x00000007d76e9000, 0x00000007f0000000)
   the space 121764K,  57% used [0x00000007d0000000, 0x00000007d44623f8, 0x00000007d4462400, 0x00000007d76e9000)
 compacting perm gen  total 45568K, used 45298K [0x00000007f0000000, 0x00000007f2c80000, 0x0000000800000000)
   the space 45568K,  99% used [0x00000007f0000000, 0x00000007f2c3c978, 0x00000007f2c3ca00, 0x00000007f2c80000)
No shared spaces configured.
}
Event: 56,240 GC heap before
{Heap before GC invocations=206 (full 4):
 def new generation   total 54912K, used 51971K [0x00000007c0000000, 0x00000007c3b90000, 0x00000007d0000000)
  eden space 48832K,  97% used [0x00000007c0000000, 0x00000007c2ea7878, 0x00000007c2fb0000)
  from space 6080K,  69% used [0x00000007c2fb0000, 0x00000007c33c9388, 0x00000007c35a0000)
  to   space 6080K,   0% used [0x00000007c35a0000, 0x00000007c35a0000, 0x00000007c3b90000)
 tenured generation   total 121764K, used 70024K [0x00000007d0000000, 0x00000007d76e9000, 0x00000007f0000000)
   the space 121764K,  57% used [0x00000007d0000000, 0x00000007d44623f8, 0x00000007d4462400, 0x00000007d76e9000)
 compacting perm gen  total 45888K, used 45728K [0x00000007f0000000, 0x00000007f2cd0000, 0x0000000800000000)
   the space 45888K,  99% used [0x00000007f0000000, 0x00000007f2ca8130, 0x00000007f2ca8200, 0x00000007f2cd0000)
No shared spaces configured.
Event: 56,267 GC heap after
Heap after GC invocations=207 (full 4):
 def new generation   total 54912K, used 4243K [0x00000007c0000000, 0x00000007c3b90000, 0x00000007d0000000)
  eden space 48832K,   0% used [0x00000007c0000000, 0x00000007c0000000, 0x00000007c2fb0000)
  from space 6080K,  69% used [0x00000007c35a0000, 0x00000007c39c4f88, 0x00000007c3b90000)
  to   space 6080K,   0% used [0x00000007c2fb0000, 0x00000007c2fb0000, 0x00000007c35a0000)
 tenured generation   total 121764K, used 71549K [0x00000007d0000000, 0x00000007d76e9000, 0x00000007f0000000)
   the space 121764K,  58% used [0x00000007d0000000, 0x00000007d45df548, 0x00000007d45df600, 0x00000007d76e9000)
 compacting perm gen  total 45888K, used 45728K [0x00000007f0000000, 0x00000007f2cd0000, 0x0000000800000000)
   the space 45888K,  99% used [0x00000007f0000000, 0x00000007f2ca8130, 0x00000007f2ca8200, 0x00000007f2cd0000)
No shared spaces configured.
}
Event: 56,306 GC heap before
{Heap before GC invocations=207 (full 4):
 def new generation   total 54912K, used 45524K [0x00000007c0000000, 0x00000007c3b90000, 0x00000007d0000000)
  eden space 48832K,  84% used [0x00000007c0000000, 0x00000007c2850408, 0x00000007c2fb0000)
  from space 6080K,  69% used [0x00000007c35a0000, 0x00000007c39c4f88, 0x00000007c3b90000)
  to   space 6080K,   0% used [0x00000007c2fb0000, 0x00000007c2fb0000, 0x00000007c35a0000)
 tenured generation   total 121764K, used 71549K [0x00000007d0000000, 0x00000007d76e9000, 0x00000007f0000000)
   the space 121764K,  58% used [0x00000007d0000000, 0x00000007d45df548, 0x00000007d45df600, 0x00000007d76e9000)
 compacting perm gen  total 45888K, used 45766K [0x00000007f0000000, 0x00000007f2cd0000, 0x0000000800000000)
   the space 45888K,  99% used [0x00000007f0000000, 0x00000007f2cb1838, 0x00000007f2cb1a00, 0x00000007f2cd0000)
No shared spaces configured.
Event: 56,325 GC heap after
Heap after GC invocations=208 (full 4):
 def new generation   total 54912K, used 2081K [0x00000007c0000000, 0x00000007c3b90000, 0x00000007d0000000)
  eden space 48832K,   0% used [0x00000007c0000000, 0x00000007c0000000, 0x00000007c2fb0000)
  from space 6080K,  34% used [0x00000007c2fb0000, 0x00000007c31b87b8, 0x00000007c35a0000)
  to   space 6080K,   0% used [0x00000007c35a0000, 0x00000007c35a0000, 0x00000007c3b90000)
 tenured generation   total 121764K, used 73711K [0x00000007d0000000, 0x00000007d76e9000, 0x00000007f0000000)
   the space 121764K,  60% used [0x00000007d0000000, 0x00000007d47fbed8, 0x00000007d47fc000, 0x00000007d76e9000)
 compacting perm gen  total 45888K, used 45766K [0x00000007f0000000, 0x00000007f2cd0000, 0x0000000800000000)
   the space 45888K,  99% used [0x00000007f0000000, 0x00000007f2cb1838, 0x00000007f2cb1a00, 0x00000007f2cd0000)
No shared spaces configured.
}
Event: 56,705 GC heap before
{Heap before GC invocations=208 (full 4):
 def new generation   total 54912K, used 47760K [0x00000007c0000000, 0x00000007c3b90000, 0x00000007d0000000)
  eden space 48832K,  93% used [0x00000007c0000000, 0x00000007c2c9bb40, 0x00000007c2fb0000)
  from space 6080K,  34% used [0x00000007c2fb0000, 0x00000007c31b87b8, 0x00000007c35a0000)
  to   space 6080K,   0% used [0x00000007c35a0000, 0x00000007c35a0000, 0x00000007c3b90000)
 tenured generation   total 121764K, used 73711K [0x00000007d0000000, 0x00000007d76e9000, 0x00000007f0000000)
   the space 121764K,  60% used [0x00000007d0000000, 0x00000007d47fbed8, 0x00000007d47fc000, 0x00000007d76e9000)
 compacting perm gen  total 46528K, used 46290K [0x00000007f0000000, 0x00000007f2d70000, 0x0000000800000000)
   the space 46528K,  99% used [0x00000007f0000000, 0x00000007f2d34950, 0x00000007f2d34a00, 0x00000007f2d70000)
No shared spaces configured.
Event: 56,724 GC heap after
Heap after GC invocations=209 (full 4):
 def new generation   total 54912K, used 3741K [0x00000007c0000000, 0x00000007c3b90000, 0x00000007d0000000)
  eden space 48832K,   0% used [0x00000007c0000000, 0x00000007c0000000, 0x00000007c2fb0000)
  from space 6080K,  61% used [0x00000007c35a0000, 0x00000007c39476b8, 0x00000007c3b90000)
  to   space 6080K,   0% used [0x00000007c2fb0000, 0x00000007c2fb0000, 0x00000007c35a0000)
 tenured generation   total 121764K, used 73711K [0x00000007d0000000, 0x00000007d76e9000, 0x00000007f0000000)
   the space 121764K,  60% used [0x00000007d0000000, 0x00000007d47fbed8, 0x00000007d47fc000, 0x00000007d76e9000)
 compacting perm gen  total 46528K, used 46290K [0x00000007f0000000, 0x00000007f2d70000, 0x0000000800000000)
   the space 46528K,  99% used [0x00000007f0000000, 0x00000007f2d34950, 0x00000007f2d34a00, 0x00000007f2d70000)
No shared spaces configured.
}
Event: 57,353 GC heap before
{Heap before GC invocations=209 (full 4):
 def new generation   total 54912K, used 52573K [0x00000007c0000000, 0x00000007c3b90000, 0x00000007d0000000)
  eden space 48832K, 100% used [0x00000007c0000000, 0x00000007c2fb0000, 0x00000007c2fb0000)
  from space 6080K,  61% used [0x00000007c35a0000, 0x00000007c39476b8, 0x00000007c3b90000)
  to   space 6080K,   0% used [0x00000007c2fb0000, 0x00000007c2fb0000, 0x00000007c35a0000)
 tenured generation   total 121764K, used 73711K [0x00000007d0000000, 0x00000007d76e9000, 0x00000007f0000000)
   the space 121764K,  60% used [0x00000007d0000000, 0x00000007d47fbed8, 0x00000007d47fc000, 0x00000007d76e9000)
 compacting perm gen  total 46848K, used 46595K [0x00000007f0000000, 0x00000007f2dc0000, 0x0000000800000000)
   the space 46848K,  99% used [0x00000007f0000000, 0x00000007f2d80c68, 0x00000007f2d80e00, 0x00000007f2dc0000)
No shared spaces configured.
Event: 57,375 GC heap after
Heap after GC invocations=210 (full 4):
 def new generation   total 54912K, used 2951K [0x00000007c0000000, 0x00000007c3b90000, 0x00000007d0000000)
  eden space 48832K,   0% used [0x00000007c0000000, 0x00000007c0000000, 0x00000007c2fb0000)
  from space 6080K,  48% used [0x00000007c2fb0000, 0x00000007c3291cb0, 0x00000007c35a0000)
  to   space 6080K,   0% used [0x00000007c35a0000, 0x00000007c35a0000, 0x00000007c3b90000)
 tenured generation   total 121764K, used 75677K [0x00000007d0000000, 0x00000007d76e9000, 0x00000007f0000000)
   the space 121764K,  62% used [0x00000007d0000000, 0x00000007d49e7750, 0x00000007d49e7800, 0x00000007d76e9000)
 compacting perm gen  total 46848K, used 46595K [0x00000007f0000000, 0x00000007f2dc0000, 0x0000000800000000)
   the space 46848K,  99% used [0x00000007f0000000, 0x00000007f2d80c68, 0x00000007f2d80e00, 0x00000007f2dc0000)
No shared spaces configured.
}

Deoptimization events (10 events):
Event: 55,989 Thread 0x00007ffc3080e800 Uncommon trap -42 fr.pc 0x00000001093bb394
Event: 56,032 Thread 0x00007ffc3080e800 Uncommon trap -42 fr.pc 0x00000001093bb394
Event: 56,142 Thread 0x00007ffc3080e800 Uncommon trap -42 fr.pc 0x00000001093bb394
Event: 56,968 Thread 0x00007ffc3080e800 Uncommon trap -34 fr.pc 0x0000000108f49a00
Event: 56,968 Thread 0x00007ffc3080e800 Uncommon trap -34 fr.pc 0x0000000108f57e68
Event: 56,969 Thread 0x00007ffc3080e800 Uncommon trap -34 fr.pc 0x0000000108f57e80
Event: 56,969 Thread 0x00007ffc3080e800 Uncommon trap -34 fr.pc 0x0000000108f57e80
Event: 56,969 Thread 0x00007ffc3080e800 Uncommon trap -34 fr.pc 0x0000000108f57e80
Event: 57,044 Thread 0x00007ffc3080e800 Uncommon trap -20 fr.pc 0x0000000109008fb0
Event: 57,251 Thread 0x00007ffc3080e800 Uncommon trap -83 fr.pc 0x0000000108e1a79c

Internal exceptions (10 events):
Event: 57,533 Thread 0x00007ffc3080e800 Threw 0x00000007c08719c0 at /HUDSON/workspace/jdk7u25-2-build-macosx-amd64-product/jdk7u25/hotspot/src/share/vm/prims/jvm.cpp:1235
Event: 57,533 Thread 0x00007ffc3080e800 Threw 0x00000007c0874d70 at /HUDSON/workspace/jdk7u25-2-build-macosx-amd64-product/jdk7u25/hotspot/src/share/vm/prims/jvm.cpp:1235
Event: 57,533 Thread 0x00007ffc3080e800 Threw 0x00000007c08778b8 at /HUDSON/workspace/jdk7u25-2-build-macosx-amd64-product/jdk7u25/hotspot/src/share/vm/prims/jvm.cpp:1235
Event: 57,533 Thread 0x00007ffc3080e800 Threw 0x00000007c087f0d0 at /HUDSON/workspace/jdk7u25-2-build-macosx-amd64-product/jdk7u25/hotspot/src/share/vm/prims/jvm.cpp:1235
Event: 57,534 Thread 0x00007ffc3080e800 Threw 0x00000007c088f2c0 at /HUDSON/workspace/jdk7u25-2-build-macosx-amd64-product/jdk7u25/hotspot/src/share/vm/prims/jvm.cpp:1235
Event: 57,534 Thread 0x00007ffc3080e800 Threw 0x00000007c0892630 at /HUDSON/workspace/jdk7u25-2-build-macosx-amd64-product/jdk7u25/hotspot/src/share/vm/prims/jvm.cpp:1235
Event: 57,534 Thread 0x00007ffc3080e800 Threw 0x00000007c0895178 at /HUDSON/workspace/jdk7u25-2-build-macosx-amd64-product/jdk7u25/hotspot/src/share/vm/prims/jvm.cpp:1235
Event: 57,534 Thread 0x00007ffc3080e800 Threw 0x00000007c089c990 at /HUDSON/workspace/jdk7u25-2-build-macosx-amd64-product/jdk7u25/hotspot/src/share/vm/prims/jvm.cpp:1235
Event: 57,534 Thread 0x00007ffc3080e800 Threw 0x00000007c089d848 at /HUDSON/workspace/jdk7u25-2-build-macosx-amd64-product/jdk7u25/hotspot/src/share/vm/classfile/systemDic
Event: 57,536 Thread 0x00007ffc3080e800 Threw 0x00000007c08c1258 at /HUDSON/workspace/jdk7u25-2-build-macosx-amd64-product/jdk7u25/hotspot/src/share/vm/prims/jvm.cpp:1235

Events (10 events):
Event: 57,532 loading class 0x00007ffc37b3dd60
Event: 57,532 loading class 0x00007ffc37b3dd60 done
Event: 57,533 loading class 0x00007ffc37b3f680
Event: 57,533 loading class 0x00007ffc37b3f680 done
Event: 57,534 loading class 0x00007ffc37b3f680
Event: 57,534 loading class 0x00007ffc37b3f680 done
Event: 57,534 loading class 0x00007ffc37b3f680
Event: 57,534 loading class 0x00007ffc37b3f680 done
Event: 57,536 loading class 0x00007ffc37ae7b30
Event: 57,536 loading class 0x00007ffc37ae7b30 done


Dynamic libraries:
0x000000000aba9000 	/System/Library/Frameworks/Cocoa.framework/Versions/A/Cocoa
0x000000000aba9000 	/System/Library/Frameworks/Security.framework/Versions/A/Security
0x000000000aba9000 	/System/Library/Frameworks/ApplicationServices.framework/Versions/A/ApplicationServices
0x000000000aba9000 	/usr/lib/libz.1.dylib
0x000000000aba9000 	/usr/lib/libSystem.B.dylib
0x000000000aba9000 	/usr/lib/libobjc.A.dylib
0x000000000aba9000 	/System/Library/Frameworks/CoreFoundation.framework/Versions/A/CoreFoundation
0x000000000aba9000 	/System/Library/Frameworks/AppKit.framework/Versions/C/AppKit
0x000000000aba9000 	/System/Library/Frameworks/CoreData.framework/Versions/A/CoreData
0x000000000aba9000 	/System/Library/Frameworks/Foundation.framework/Versions/C/Foundation
0x000000000aba9000 	/System/Library/PrivateFrameworks/RemoteViewServices.framework/Versions/A/RemoteViewServices
0x000000000aba9000 	/System/Library/Frameworks/AudioToolbox.framework/Versions/A/AudioToolbox
0x000000000aba9000 	/System/Library/Frameworks/AudioUnit.framework/Versions/A/AudioUnit
0x000000000aba9000 	/System/Library/PrivateFrameworks/DataDetectorsCore.framework/Versions/A/DataDetectorsCore
0x000000000aba9000 	/System/Library/PrivateFrameworks/DesktopServicesPriv.framework/Versions/A/DesktopServicesPriv
0x000000000aba9000 	/System/Library/Frameworks/Carbon.framework/Versions/A/Frameworks/HIToolbox.framework/Versions/A/HIToolbox
0x000000000aba9000 	/System/Library/Frameworks/QuartzCore.framework/Versions/A/QuartzCore
0x000000000aba9000 	/System/Library/Frameworks/Carbon.framework/Versions/A/Frameworks/SpeechRecognition.framework/Versions/A/SpeechRecognition
0x000000000aba9000 	/usr/lib/libauto.dylib
0x000000000aba9000 	/usr/lib/libicucore.A.dylib
0x000000000aba9000 	/usr/lib/libxml2.2.dylib
0x000000000aba9000 	/System/Library/PrivateFrameworks/CoreUI.framework/Versions/A/CoreUI
0x000000000aba9000 	/System/Library/Frameworks/CoreAudio.framework/Versions/A/CoreAudio
0x000000000aba9000 	/System/Library/Frameworks/DiskArbitration.framework/Versions/A/DiskArbitration
0x000000000aba9000 	/usr/lib/liblangid.dylib
0x000000000aba9000 	/System/Library/PrivateFrameworks/MultitouchSupport.framework/Versions/A/MultitouchSupport
0x000000000aba9000 	/System/Library/Frameworks/IOKit.framework/Versions/A/IOKit
0x000000000aba9000 	/usr/lib/libDiagnosticMessagesClient.dylib
0x000000000aba9000 	/System/Library/Frameworks/CoreServices.framework/Versions/A/CoreServices
0x000000000aba9000 	/System/Library/PrivateFrameworks/PerformanceAnalysis.framework/Versions/A/PerformanceAnalysis
0x000000000aba9000 	/System/Library/PrivateFrameworks/GenerationalStorage.framework/Versions/A/GenerationalStorage
0x000000000aba9000 	/System/Library/Frameworks/OpenGL.framework/Versions/A/OpenGL
0x000000000aba9000 	/System/Library/PrivateFrameworks/Sharing.framework/Versions/A/Sharing
0x000000000aba9000 	/System/Library/Frameworks/ImageIO.framework/Versions/A/ImageIO
0x000000000aba9000 	/System/Library/Frameworks/CoreText.framework/Versions/A/CoreText
0x000000000aba9000 	/System/Library/Frameworks/CoreGraphics.framework/Versions/A/CoreGraphics
0x000000000aba9000 	/System/Library/PrivateFrameworks/Backup.framework/Versions/A/Backup
0x000000000aba9000 	/System/Library/Frameworks/CFNetwork.framework/Versions/A/CFNetwork
0x000000000aba9000 	/System/Library/Frameworks/SystemConfiguration.framework/Versions/A/SystemConfiguration
0x000000000aba9000 	/usr/lib/libCRFSuite.dylib
0x000000000aba9000 	/usr/lib/libc++.1.dylib
0x000000000aba9000 	/usr/lib/libc++abi.dylib
0x000000000aba9000 	/usr/lib/system/libcache.dylib
0x000000000aba9000 	/usr/lib/system/libcommonCrypto.dylib
0x000000000aba9000 	/usr/lib/system/libcompiler_rt.dylib
0x000000000aba9000 	/usr/lib/system/libcopyfile.dylib
0x000000000aba9000 	/usr/lib/system/libcorecrypto.dylib
0x000000000aba9000 	/usr/lib/system/libdispatch.dylib
0x000000000aba9000 	/usr/lib/system/libdyld.dylib
0x000000000aba9000 	/usr/lib/system/libkeymgr.dylib
0x000000000aba9000 	/usr/lib/system/liblaunch.dylib
0x000000000aba9000 	/usr/lib/system/libmacho.dylib
0x000000000aba9000 	/usr/lib/system/libquarantine.dylib
0x000000000aba9000 	/usr/lib/system/libremovefile.dylib
0x000000000aba9000 	/usr/lib/system/libsystem_asl.dylib
0x000000000aba9000 	/usr/lib/system/libsystem_blocks.dylib
0x000000000aba9000 	/usr/lib/system/libsystem_c.dylib
0x000000000aba9000 	/usr/lib/system/libsystem_configuration.dylib
0x000000000aba9000 	/usr/lib/system/libsystem_dnssd.dylib
0x000000000aba9000 	/usr/lib/system/libsystem_info.dylib
0x000000000aba9000 	/usr/lib/system/libsystem_kernel.dylib
0x000000000aba9000 	/usr/lib/system/libsystem_m.dylib
0x000000000aba9000 	/usr/lib/system/libsystem_malloc.dylib
0x000000000aba9000 	/usr/lib/system/libsystem_network.dylib
0x000000000aba9000 	/usr/lib/system/libsystem_notify.dylib
0x000000000aba9000 	/usr/lib/system/libsystem_platform.dylib
0x000000000aba9000 	/usr/lib/system/libsystem_pthread.dylib
0x000000000aba9000 	/usr/lib/system/libsystem_sandbox.dylib
0x000000000aba9000 	/usr/lib/system/libsystem_stats.dylib
0x000000000aba9000 	/usr/lib/system/libunc.dylib
0x000000000aba9000 	/usr/lib/system/libunwind.dylib
0x000000000aba9000 	/usr/lib/system/libxpc.dylib
0x000000000aba9000 	/usr/lib/libbsm.0.dylib
0x000000000aba9000 	/usr/lib/libsqlite3.dylib
0x000000000aba9000 	/usr/lib/libxar.1.dylib
0x000000000aba9000 	/usr/lib/libpam.2.dylib
0x000000000aba9000 	/usr/lib/libOpenScriptingUtil.dylib
0x000000000aba9000 	/usr/lib/libbz2.1.0.dylib
0x000000000aba9000 	/System/Library/Frameworks/CoreServices.framework/Versions/A/Frameworks/CarbonCore.framework/Versions/A/CarbonCore
0x000000000aba9000 	/System/Library/Frameworks/CoreServices.framework/Versions/A/Frameworks/Metadata.framework/Versions/A/Metadata
0x000000000aba9000 	/System/Library/Frameworks/CoreServices.framework/Versions/A/Frameworks/OSServices.framework/Versions/A/OSServices
0x000000000aba9000 	/System/Library/Frameworks/CoreServices.framework/Versions/A/Frameworks/SearchKit.framework/Versions/A/SearchKit
0x000000000aba9000 	/System/Library/Frameworks/CoreServices.framework/Versions/A/Frameworks/AE.framework/Versions/A/AE
0x000000000aba9000 	/System/Library/Frameworks/CoreServices.framework/Versions/A/Frameworks/LaunchServices.framework/Versions/A/LaunchServices
0x000000000aba9000 	/System/Library/Frameworks/CoreServices.framework/Versions/A/Frameworks/DictionaryServices.framework/Versions/A/DictionaryServices
0x000000000aba9000 	/System/Library/Frameworks/NetFS.framework/Versions/A/NetFS
0x000000000aba9000 	/usr/lib/system/libkxld.dylib
0x000000000aba9000 	/System/Library/PrivateFrameworks/NetAuth.framework/Versions/A/NetAuth
0x000000000aba9000 	/System/Library/PrivateFrameworks/TCC.framework/Versions/A/TCC
0x000000000aba9000 	/System/Library/Frameworks/OpenDirectory.framework/Versions/A/Frameworks/CFOpenDirectory.framework/Versions/A/CFOpenDirectory
0x000000000aba9000 	/System/Library/Frameworks/ServiceManagement.framework/Versions/A/ServiceManagement
0x000000000aba9000 	/usr/lib/libxslt.1.dylib
0x000000000aba9000 	/System/Library/Frameworks/Carbon.framework/Versions/A/Frameworks/Ink.framework/Versions/A/Ink
0x000000000aba9000 	/System/Library/Frameworks/ApplicationServices.framework/Versions/A/Frameworks/ATS.framework/Versions/A/ATS
0x000000000aba9000 	/System/Library/Frameworks/ApplicationServices.framework/Versions/A/Frameworks/ColorSync.framework/Versions/A/ColorSync
0x000000000aba9000 	/System/Library/Frameworks/ApplicationServices.framework/Versions/A/Frameworks/HIServices.framework/Versions/A/HIServices
0x000000000aba9000 	/System/Library/Frameworks/ApplicationServices.framework/Versions/A/Frameworks/LangAnalysis.framework/Versions/A/LangAnalysis
0x000000000aba9000 	/System/Library/Frameworks/ApplicationServices.framework/Versions/A/Frameworks/PrintCore.framework/Versions/A/PrintCore
0x000000000aba9000 	/System/Library/Frameworks/ApplicationServices.framework/Versions/A/Frameworks/QD.framework/Versions/A/QD
0x000000000aba9000 	/System/Library/Frameworks/ApplicationServices.framework/Versions/A/Frameworks/SpeechSynthesis.framework/Versions/A/SpeechSynthesis
0x000000000aba9000 	/System/Library/Frameworks/IOSurface.framework/Versions/A/IOSurface
0x000000000aba9000 	/System/Library/Frameworks/Accelerate.framework/Versions/A/Accelerate
0x000000000aba9000 	/System/Library/Frameworks/Accelerate.framework/Versions/A/Frameworks/vImage.framework/Versions/A/vImage
0x000000000aba9000 	/System/Library/Frameworks/Accelerate.framework/Versions/A/Frameworks/vecLib.framework/Versions/A/vecLib
0x000000000aba9000 	/System/Library/Frameworks/Accelerate.framework/Versions/A/Frameworks/vecLib.framework/Versions/A/libvDSP.dylib
0x000000000aba9000 	/System/Library/Frameworks/Accelerate.framework/Versions/A/Frameworks/vecLib.framework/Versions/A/libvMisc.dylib
0x000000000aba9000 	/System/Library/Frameworks/Accelerate.framework/Versions/A/Frameworks/vecLib.framework/Versions/A/libLAPACK.dylib
0x000000000aba9000 	/System/Library/Frameworks/Accelerate.framework/Versions/A/Frameworks/vecLib.framework/Versions/A/libBLAS.dylib
0x000000000aba9000 	/System/Library/Frameworks/ApplicationServices.framework/Versions/A/Frameworks/ATS.framework/Versions/A/Resources/libFontParser.dylib
0x000000000aba9000 	/System/Library/Frameworks/ApplicationServices.framework/Versions/A/Frameworks/ATS.framework/Versions/A/Resources/libFontRegistry.dylib
0x000000000aba9000 	/System/Library/Frameworks/ImageIO.framework/Versions/A/Resources/libJPEG.dylib
0x000000000aba9000 	/System/Library/Frameworks/ImageIO.framework/Versions/A/Resources/libTIFF.dylib
0x000000000aba9000 	/System/Library/Frameworks/ImageIO.framework/Versions/A/Resources/libPng.dylib
0x000000000aba9000 	/System/Library/Frameworks/ImageIO.framework/Versions/A/Resources/libGIF.dylib
0x000000000aba9000 	/System/Library/Frameworks/ImageIO.framework/Versions/A/Resources/libJP2.dylib
0x000000000aba9000 	/System/Library/Frameworks/ImageIO.framework/Versions/A/Resources/libRadiance.dylib
0x000000000aba9000 	/usr/lib/libcups.2.dylib
0x000000000aba9000 	/System/Library/Frameworks/Kerberos.framework/Versions/A/Kerberos
0x000000000aba9000 	/System/Library/Frameworks/GSS.framework/Versions/A/GSS
0x000000000aba9000 	/usr/lib/libresolv.9.dylib
0x000000000aba9000 	/usr/lib/libiconv.2.dylib
0x000000000aba9000 	/System/Library/PrivateFrameworks/Heimdal.framework/Versions/A/Heimdal
0x000000000aba9000 	/System/Library/PrivateFrameworks/TrustEvaluationAgent.framework/Versions/A/TrustEvaluationAgent
0x000000000aba9000 	/usr/lib/libheimdal-asn1.dylib
0x000000000aba9000 	/System/Library/Frameworks/OpenDirectory.framework/Versions/A/OpenDirectory
0x000000000aba9000 	/System/Library/PrivateFrameworks/CommonAuth.framework/Versions/A/CommonAuth
0x000000000aba9000 	/System/Library/Frameworks/SecurityFoundation.framework/Versions/A/SecurityFoundation
0x000000000aba9000 	/System/Library/PrivateFrameworks/Bom.framework/Versions/A/Bom
0x000000000aba9000 	/System/Library/Frameworks/CoreVideo.framework/Versions/A/CoreVideo
0x000000000aba9000 	/System/Library/Frameworks/QuartzCore.framework/Versions/A/Frameworks/CoreImage.framework/Versions/A/CoreImage
0x000000000aba9000 	/System/Library/Frameworks/QuartzCore.framework/Versions/A/Frameworks/ScalableUserInterface.framework/Versions/A/ScalableUserInterface
0x000000000aba9000 	/System/Library/Frameworks/OpenGL.framework/Versions/A/Libraries/libGLU.dylib
0x000000000aba9000 	/System/Library/Frameworks/OpenGL.framework/Versions/A/Libraries/libGFXShared.dylib
0x000000000aba9000 	/System/Library/Frameworks/OpenGL.framework/Versions/A/Libraries/libGL.dylib
0x000000000aba9000 	/System/Library/Frameworks/OpenGL.framework/Versions/A/Libraries/libGLImage.dylib
0x000000000aba9000 	/System/Library/Frameworks/OpenGL.framework/Versions/A/Libraries/libCVMSPluginSupport.dylib
0x000000000aba9000 	/System/Library/Frameworks/OpenGL.framework/Versions/A/Libraries/libCoreVMClient.dylib
0x000000000aba9000 	/System/Library/PrivateFrameworks/FaceCore.framework/Versions/A/FaceCore
0x000000000aba9000 	/System/Library/PrivateFrameworks/CrashReporterSupport.framework/Versions/A/CrashReporterSupport
0x000000000aba9000 	/System/Library/Frameworks/OpenCL.framework/Versions/A/OpenCL
0x000000000aba9000 	/System/Library/PrivateFrameworks/AppleFSCompression.framework/Versions/A/AppleFSCompression
0x000000000aba9000 	/System/Library/PrivateFrameworks/Ubiquity.framework/Versions/A/Ubiquity
0x000000000aba9000 	/System/Library/PrivateFrameworks/IconServices.framework/Versions/A/IconServices
0x000000000aba9000 	/System/Library/PrivateFrameworks/ChunkingLibrary.framework/Versions/A/ChunkingLibrary
0x000000000aba9000 	/System/Library/PrivateFrameworks/CoreSymbolication.framework/Versions/A/CoreSymbolication
0x000000000aba9000 	/System/Library/PrivateFrameworks/Symbolication.framework/Versions/A/Symbolication
0x000000000aba9000 	/System/Library/PrivateFrameworks/DebugSymbols.framework/Versions/A/DebugSymbols
0x0000000108000000 	/Library/Java/JavaVirtualMachines/jdk1.7.0_25.jdk/Contents/Home/jre/lib/server/libjvm.dylib
0x000000000aba9000 	/usr/lib/libstdc++.6.dylib
0x0000000107be4000 	/Library/Java/JavaVirtualMachines/jdk1.7.0_25.jdk/Contents/Home/jre/lib/libverify.dylib
0x0000000108bac000 	/Library/Java/JavaVirtualMachines/jdk1.7.0_25.jdk/Contents/Home/jre/lib/libjava.dylib
0x0000000108bdc000 	/Library/Java/JavaVirtualMachines/jdk1.7.0_25.jdk/Contents/Home/jre/lib/libinstrument.dylib
0x0000000108c2c000 	/Library/Java/JavaVirtualMachines/jdk1.7.0_25.jdk/Contents/Home/jre/lib/libzip.dylib
0x000000010c5dc000 	/System/Library/Frameworks/JavaVM.framework/Frameworks/JavaRuntimeSupport.framework/JavaRuntimeSupport
0x000000010c5f4000 	/System/Library/Frameworks/JavaVM.framework/Versions/A/Frameworks/JavaNativeFoundation.framework/Versions/A/JavaNativeFoundation
0x000000010c609000 	/System/Library/Frameworks/JavaVM.framework/Versions/A/JavaVM
0x000000000aba9000 	/System/Library/Frameworks/Carbon.framework/Versions/A/Carbon
0x000000010c616000 	/System/Library/PrivateFrameworks/JavaLaunching.framework/Versions/A/JavaLaunching
0x000000000aba9000 	/System/Library/Frameworks/Carbon.framework/Versions/A/Frameworks/CommonPanels.framework/Versions/A/CommonPanels
0x000000000aba9000 	/System/Library/Frameworks/Carbon.framework/Versions/A/Frameworks/Help.framework/Versions/A/Help
0x000000000aba9000 	/System/Library/Frameworks/Carbon.framework/Versions/A/Frameworks/ImageCapture.framework/Versions/A/ImageCapture
0x000000000aba9000 	/System/Library/Frameworks/Carbon.framework/Versions/A/Frameworks/OpenScripting.framework/Versions/A/OpenScripting
0x000000000aba9000 	/System/Library/Frameworks/Carbon.framework/Versions/A/Frameworks/Print.framework/Versions/A/Print
0x000000000aba9000 	/System/Library/Frameworks/Carbon.framework/Versions/A/Frameworks/SecurityHI.framework/Versions/A/SecurityHI
0x000000010cf85000 	/private/var/folders/9x/bfdwgmcj7j1f5rp2vzhpmlyw0000gn/T/jna3094422048309443875.tmp
0x000000010cde4000 	/Library/Java/JavaVirtualMachines/jdk1.7.0_25.jdk/Contents/Home/jre/lib/libnio.dylib
0x000000010cef9000 	/Library/Java/JavaVirtualMachines/jdk1.7.0_25.jdk/Contents/Home/jre/lib/./libnet.dylib

VM Arguments:
jvm_args: -Xmx768M -Xms64M -XX:PermSize=32m -XX:MaxPermSize=256m -Dfile.encoding=UTF-8 -javaagent:/Users/ruuben/.gvm/grails/2.2.5/lib/org.springsource.springloaded/springloaded-core/jars/springloaded-core-1.1.3.jar -Xverify:none -Dspringloaded=profile=grails;cacheDir=/Users/ruuben/.grails/2.2.5/ -Dgrails.home=/Users/ruuben/.gvm/grails/2.2.5 -Dtools.jar=/Library/Java/JavaVirtualMachines/jdk1.7.0_25.jdk/Contents/Home/lib/tools.jar 
java_command: org.codehaus.groovy.grails.cli.support.GrailsStarter --main org.codehaus.groovy.grails.cli.GrailsScriptRunner --conf /Users/ruuben/.gvm/grails/2.2.5/conf/groovy-starter.conf --classpath   run-app
Launcher Type: SUN_STANDARD

Environment Variables:
JAVA_HOME=/Library/Java/JavaVirtualMachines/jdk1.7.0_25.jdk/Contents/Home
PATH=/Users/ruuben/.gvm/vertx/current/bin:/Users/ruuben/.gvm/springboot/current/bin:/Users/ruuben/.gvm/lazybones/current/bin:/Users/ruuben/.gvm/groovyserv/current/bin:/Users/ruuben/.gvm/groovy/current/bin:/Users/ruuben/.gvm/griffon/current/bin:/Users/ruuben/.gvm/grails/2.2.5/bin:/Users/ruuben/.gvm/gradle/current/bin:/Users/ruuben/.gvm/glide/current/bin:/Users/ruuben/.gvm/gaiden/current/bin:/Users/ruuben/.gvm/crash/current/bin:/usr/bin:/bin:/usr/sbin:/sbin:/usr/local/bin:/usr/texbin:/Users/ruuben/Work/grails-2.2.3/bin:/Users/ruuben/Work/maven/bin
SHELL=/bin/bash

Signal Handlers:
SIGSEGV: [libjvm.dylib+0x4a820f], sa_mask[0]=0xfffefeff, sa_flags=0x00000042
SIGBUS: [libjvm.dylib+0x4a820f], sa_mask[0]=0xfffefeff, sa_flags=0x00000042
SIGFPE: [libjvm.dylib+0x3b7495], sa_mask[0]=0xfffefeff, sa_flags=0x00000042
SIGPIPE: [libjvm.dylib+0x3b7495], sa_mask[0]=0xfffefeff, sa_flags=0x00000042
SIGXFSZ: [libjvm.dylib+0x3b7495], sa_mask[0]=0xfffefeff, sa_flags=0x00000042
SIGILL: [libjvm.dylib+0x3b7495], sa_mask[0]=0xfffefeff, sa_flags=0x00000042
SIGUSR1: SIG_DFL, sa_mask[0]=0x63807efb, sa_flags=0x00000000
SIGUSR2: [libjvm.dylib+0x3b702e], sa_mask[0]=0x00000000, sa_flags=0x00000042
SIGHUP: [libjvm.dylib+0x3b528f], sa_mask[0]=0xfffefeff, sa_flags=0x00000042
SIGINT: [libjvm.dylib+0x3b528f], sa_mask[0]=0xfffefeff, sa_flags=0x00000042
SIGTERM: [libjvm.dylib+0x3b528f], sa_mask[0]=0xfffefeff, sa_flags=0x00000042
SIGQUIT: [libjvm.dylib+0x3b528f], sa_mask[0]=0xfffefeff, sa_flags=0x00000042


---------------  S Y S T E M  ---------------

OS:Bsduname:Darwin 13.3.0 Darwin Kernel Version 13.3.0: Tue Jun  3 21:27:35 PDT 2014; root:xnu-2422.110.17~1/RELEASE_X86_64 x86_64
rlimit: STACK 8192k, CORE 0k, NPROC 709, NOFILE 10240, AS infinity
load average:3,31 2,78 2,78

CPU:total 2 (2 cores per cpu, 1 threads per core) family 6 model 23 stepping 10, cmov, cx8, fxsr, mmx, sse, sse2, sse3, ssse3, sse4.1, tsc

Memory: 4k page, physical 1497556k(374389k free)

/proc/meminfo:


vm_info: Java HotSpot(TM) 64-Bit Server VM (23.25-b01) for bsd-amd64 JRE (1.7.0_25-b15), built on Jun  5 2013 22:26:36 by "java_re" with gcc 4.2.1 (Based on Apple Inc. build 5658) (LLVM build 2336.11.00)

time: Thu Aug 21 07:30:08 2014
elapsed time: 57 seconds

